Sender: LSF System <lsfadmin@r01n23>
Subject: Job 3821024: <final-pro> in cluster <sustchpc> Done

Job <final-pro> was submitted from host <login03> by user <mae-liq1> in cluster <sustchpc> at Mon Jun  6 19:38:11 2022.
Job was executed on host(s) <18*r01n23>, in queue <ser>, as user <mae-liq1> in cluster <sustchpc> at Mon Jun  6 19:38:11 2022.
                            <2*r01n10>
</work/mae-liq1> was used as the home directory.
</work/mae-liq1/hpc/HPC-Final-Project> was used as the working directory.
Started at Mon Jun  6 19:38:11 2022.
Terminated at Mon Jun  6 19:38:34 2022.
Results reported at Mon Jun  6 19:38:34 2022.

Your job looked like:

------------------------------------------------------------
# LSBATCH: User input
#BSUB -J final-pro
#BSUB -q ser
#BSUB -n 20
#BSUB -e final-pro-log.err
#BSUB -o final-pro-log.out

module purge
module load mpi/intel/2018.4

echo *-------------------- expicit----------------------------*
make IMPLICIT=no final.out
mpirun -np 1 ./final.out -restart 0 -n 100 -log_view > ./log/explicit/n1.log
#mpirun -np 2 ./final.out -restart 0 -n 100 -log_view > ./log/explicit/n2.log
#mpirun -np 4 ./final.out -restart 0 -n 100 -log_view > ./log/explicit/n4.log
#mpirun -np 8 ./final.out -restart 0 -n 100 -log_view > ./log/explicit/n8.log
rm final.out

# test parallelism
#make IMPLICIT=no final.out
#mpirun -np 1 ./final.out -restart 0 -n 1000 -log_view > ./log/explicit/n1000-1.log
#mpirun -np 2 ./final.out -restart 0 -n 1000 -log_view > ./log/explicit/n1000-2.log
#mpirun -np 4 ./final.out -restart 0 -n 1000 -log_view > ./log/explicit/n1000-4.log
#mpirun -np 8 ./final.out -restart 0 -n 1000 -log_view > ./log/explicit/n1000-8.log
#rm final.out

#make IMPLICIT=no final.out
#mpirun -np 1 ./final.out -restart 0 -n 8000 -log_view > ./log/explicit/n8000-1.log
#mpirun -np 2 ./final.out -restart 0 -n 8000 -log_view > ./log/explicit/n8000-2.log
#mpirun -np 4 ./final.out -restart 0 -n 8000 -log_view > ./log/explicit/n8000-4.log
#mpirun -np 8 ./final.out -restart 0 -n 8000 -log_view > ./log/explicit/n8000-8.log
#rm final.out


#echo *-------------------- impicit----------------------------*
#make IMPLICIT=yes final.out
#mpirun -np 1 ./final.out -restart 0 -n 100 -log_view > ./log/implicit/n1.log
#mpirun -np 2 ./final.out -restart 0 -n 100 -log_view > ./log/implicit/n2.log
#mpirun -np 4 ./final.out -restart 0 -n 100 -log_view > ./log/implicit/n4.log
#mpirun -np 8 ./final.out -restart 0 -n 100 -log_view > ./log/implicit/n8.log
###mpirun -np 1 ./final.out -restart 0 -n 100 -ksp_type gmres -pc_type jacobi -ksp_view > ./log/explicit/n1-.log 2>&1
#rm final.out


------------------------------------------------------------

Successfully completed.

Resource usage summary:

    CPU time :                                   2.01 sec.
    Max Memory :                                 23 MB
    Average Memory :                             22.33 MB
    Total Requested Memory :                     -
    Delta Memory :                               -
    Max Swap :                                   -
    Max Processes :                              8
    Max Threads :                                9
    Run time :                                   22 sec.
    Turnaround time :                            23 sec.

The output (if any) follows:

*-------------------- expicit----------------------------*
/share/intel/2018u4/compilers_and_libraries_2018.5.274/linux/mpi/intel64/bin/mpicc -fPIC -Wall -Wwrite-strings -Wno-strict-aliasing -Wno-unknown-pragmas -fstack-protector -fvisibility=hidden -O3 -march=native -mtune=native  -std=c99 -std=c99   -I/work/mae-liq1/lib/petsc-3.16.6/include    -c -DEXPLICIT -o src/heat_1d.o src/heat_1d.c
/share/intel/2018u4/compilers_and_libraries_2018.5.274/linux/mpi/intel64/bin/mpicxx -Wall -Wwrite-strings -Wno-strict-aliasing -Wno-unknown-pragmas -fstack-protector -fvisibility=hidden -g -O  -fPIC -std=gnu++11 -std=c99   -I/work/mae-liq1/lib/petsc-3.16.6/include   -L/work/mae-liq1/lib/petsc-3.16.6/lib    -Wl,-rpath,/work/mae-liq1/lib/petsc-3.16.6/lib  -lpetsc   -lm -o final.out src/heat_1d.o
rm -f src/heat_1d.o


PS:

Read file <final-pro-log.err> for stderr output of this job.

