==227745== Memcheck, a memory error detector
==227745== Copyright (C) 2002-2017, and GNU GPL'd, by Julian Seward et al.
==227745== Using Valgrind-3.14.0 and LibVEX; rerun with -h for copyright info
==227745== Command: /share/intel/2018u4/compilers_and_libraries_2018.5.274/linux/mpi/intel64/bin/mpirun -np 1 ./final.out -restart 0 -n 100
==227745== 
==227748== 
==227748== HEAP SUMMARY:
==227748==     in use at exit: 48,518 bytes in 1,160 blocks
==227748==   total heap usage: 1,712 allocs, 552 frees, 83,388 bytes allocated
==227748== 
==227748== LEAK SUMMARY:
==227748==    definitely lost: 0 bytes in 0 blocks
==227748==    indirectly lost: 0 bytes in 0 blocks
==227748==      possibly lost: 0 bytes in 0 blocks
==227748==    still reachable: 48,518 bytes in 1,160 blocks
==227748==         suppressed: 0 bytes in 0 blocks
==227748== Rerun with --leak-check=full to see details of leaked memory
==227748== 
==227748== For counts of detected and suppressed errors, rerun with: -v
==227748== ERROR SUMMARY: 0 errors from 0 contexts (suppressed: 0 from 0)
n=100,dt=0.000060,dx=0.010000,steps=100000,alpha=0.600000,beta=-0.200000
Do not read u_old from uold.h5 ...
inital u is : 
Vec Object: 1 MPI processes
  type: seq
0.
0.0314108
0.0627905
0.0941083
0.125333
0.156434
0.187381
0.218143
0.24869
0.278991
0.309017
0.338738
0.368125
0.397148
0.425779
0.45399
0.481754
0.509041
0.535827
0.562083
0.587785
0.612907
0.637424
0.661312
0.684547
0.707107
0.728969
0.750111
0.770513
0.790155
0.809017
0.827081
0.844328
0.860742
0.876307
0.891007
0.904827
0.917755
0.929776
0.940881
0.951057
0.960294
0.968583
0.975917
0.982287
0.987688
0.992115
0.995562
0.998027
0.999507
1.
0.999507
0.998027
0.995562
0.992115
0.987688
0.982287
0.975917
0.968583
0.960294
0.951057
0.940881
0.929776
0.917755
0.904827
0.891007
0.876307
0.860742
0.844328
0.827081
0.809017
0.790155
0.770513
0.750111
0.728969
0.707107
0.684547
0.661312
0.637424
0.612907
0.587785
0.562083
0.535827
0.509041
0.481754
0.45399
0.425779
0.397148
0.368125
0.338738
0.309017
0.278991
0.24869
0.218143
0.187381
0.156434
0.125333
0.0941083
0.0627905
0.
exact solution is : 
Vec Object: 1 MPI processes
  type: seq
0.
0.00318258
0.00636201
0.00953517
0.0126989
0.0158501
0.0189857
0.0221025
0.0251976
0.0282677
0.03131
0.0343213
0.0372988
0.0402395
0.0431405
0.0459989
0.0488119
0.0515767
0.0542906
0.056951
0.0595551
0.0621005
0.0645846
0.0670049
0.0693591
0.0716449
0.07386
0.0760021
0.0780693
0.0800594
0.0819706
0.0838008
0.0855483
0.0872114
0.0887884
0.0902778
0.0916781
0.092988
0.0942061
0.0953312
0.0963622
0.0972981
0.098138
0.098881
0.0995265
0.100074
0.100522
0.100872
0.101121
0.101271
0.101321
0.101271
0.101121
0.100872
0.100522
0.100074
0.0995265
0.098881
0.098138
0.0972981
0.0963622
0.0953312
0.0942061
0.092988
0.0916781
0.0902778
0.0887884
0.0872114
0.0855483
0.0838008
0.0819706
0.0800594
0.0780693
0.0760021
0.07386
0.0716449
0.0693591
0.0670049
0.0645846
0.0621005
0.0595551
0.056951
0.0542906
0.0515767
0.0488119
0.0459989
0.0431405
0.0402395
0.0372988
0.0343213
0.03131
0.0282677
0.0251976
0.0221025
0.0189857
0.0158501
0.0126989
0.00953517
0.00636201
0.00318258
It's explicit scheme
step=100000
---------------------
numerical result u is : 
Vec Object: 1 MPI processes
  type: seq
-inf.
inf.
-inf.
inf.
-inf.
inf.
-inf.
inf.
-inf.
inf.
-inf.
inf.
-inf.
inf.
-inf.
inf.
-inf.
inf.
-inf.
inf.
-inf.
inf.
-inf.
inf.
-inf.
inf.
-inf.
inf.
-inf.
inf.
-inf.
inf.
-inf.
inf.
-inf.
inf.
-inf.
inf.
-inf.
inf.
-inf.
inf.
-inf.
inf.
-inf.
inf.
-inf.
inf.
-inf.
inf.
-inf.
inf.
-inf.
inf.
-inf.
inf.
-inf.
inf.
-inf.
inf.
-inf.
inf.
-inf.
inf.
-inf.
inf.
-inf.
inf.
-inf.
inf.
-inf.
inf.
-inf.
inf.
-inf.
inf.
-inf.
inf.
-inf.
inf.
-inf.
inf.
-inf.
inf.
-inf.
inf.
-inf.
inf.
-inf.
inf.
-inf.
inf.
-inf.
inf.
-inf.
inf.
-inf.
inf.
-inf.
inf.
The program is finished
==228445== 
==228445== HEAP SUMMARY:
==228445==     in use at exit: 50,874 bytes in 1,254 blocks
==228445==   total heap usage: 3,573 allocs, 2,319 frees, 134,894 bytes allocated
==228445== 
==228445== LEAK SUMMARY:
==228445==    definitely lost: 10 bytes in 1 blocks
==228445==    indirectly lost: 0 bytes in 0 blocks
==228445==      possibly lost: 0 bytes in 0 blocks
==228445==    still reachable: 50,864 bytes in 1,253 blocks
==228445==         suppressed: 0 bytes in 0 blocks
==228445== Rerun with --leak-check=full to see details of leaked memory
==228445== 
==228445== For counts of detected and suppressed errors, rerun with: -v
==228445== ERROR SUMMARY: 0 errors from 0 contexts (suppressed: 0 from 0)
==227745== 
==227745== HEAP SUMMARY:
==227745==     in use at exit: 54,289 bytes in 1,233 blocks
==227745==   total heap usage: 3,790 allocs, 2,557 frees, 140,680 bytes allocated
==227745== 
==227745== LEAK SUMMARY:
==227745==    definitely lost: 0 bytes in 0 blocks
==227745==    indirectly lost: 0 bytes in 0 blocks
==227745==      possibly lost: 0 bytes in 0 blocks
==227745==    still reachable: 54,289 bytes in 1,233 blocks
==227745==         suppressed: 0 bytes in 0 blocks
==227745== Rerun with --leak-check=full to see details of leaked memory
==227745== 
==227745== For counts of detected and suppressed errors, rerun with: -v
==227745== ERROR SUMMARY: 0 errors from 0 contexts (suppressed: 0 from 0)
