n=32,dt=0.000000,dx=0.031250,steps=10000000,alpha=0.000205,beta=0.999590
Do not read u_old from uold.h5 ...
inital u is : 
Vec Object: 1 MPI processes
  type: seq
0.
0.0980171
0.19509
0.290285
0.382683
0.471397
0.55557
0.634393
0.707107
0.77301
0.83147
0.881921
0.92388
0.95694
0.980785
0.995185
1.
0.995185
0.980785
0.95694
0.92388
0.881921
0.83147
0.77301
0.707107
0.634393
0.55557
0.471397
0.382683
0.290285
0.19509
0.
exact solution is : 
Vec Object: 1 MPI processes
  type: seq
0.
0.00993121
0.0197668
0.029412
0.0387739
0.0477625
0.056291
0.0642775
0.0716449
0.0783223
0.0842455
0.0893573
0.0936086
0.0969583
0.0993743
0.100833
0.101321
0.100833
0.0993743
0.0969583
0.0936086
0.0893573
0.0842455
0.0783223
0.0716449
0.0642775
0.056291
0.0477625
0.0387739
0.029412
0.0197668
0.00993121
It's explicit scheme
