n=512,dt=0.000020,dx=0.001953,steps=100000,alpha=5.242880,beta=-9.485760
Do not read u_old from uold.h5 ...
inital u is : 
Vec Object: 1 MPI processes
  type: seq
0.
0.00613588
0.0122715
0.0184067
0.0245412
0.0306748
0.0368072
0.0429383
0.0490677
0.0551952
0.0613207
0.0674439
0.0735646
0.0796824
0.0857973
0.091909
0.0980171
0.104122
0.110222
0.116319
0.122411
0.128498
0.134581
0.140658
0.14673
0.152797
0.158858
0.164913
0.170962
0.177004
0.18304
0.189069
0.19509
0.201105
0.207111
0.21311
0.219101
0.225084
0.231058
0.237024
0.24298
0.248928
0.254866
0.260794
0.266713
0.272621
0.27852
0.284408
0.290285
0.296151
0.302006
0.30785
0.313682
0.319502
0.32531
0.331106
0.33689
0.342661
0.348419
0.354164
0.359895
0.365613
0.371317
0.377007
0.382683
0.388345
0.393992
0.399624
0.405241
0.410843
0.41643
0.422
0.427555
0.433094
0.438616
0.444122
0.449611
0.455084
0.460539
0.465976
0.471397
0.476799
0.482184
0.48755
0.492898
0.498228
0.503538
0.50883
0.514103
0.519356
0.52459
0.529804
0.534998
0.540171
0.545325
0.550458
0.55557
0.560662
0.565732
0.570781
0.575808
0.580814
0.585798
0.59076
0.595699
0.600616
0.605511
0.610383
0.615232
0.620057
0.624859
0.629638
0.634393
0.639124
0.643832
0.648514
0.653173
0.657807
0.662416
0.667
0.671559
0.676093
0.680601
0.685084
0.689541
0.693971
0.698376
0.702755
0.707107
0.711432
0.715731
0.720003
0.724247
0.728464
0.732654
0.736817
0.740951
0.745058
0.749136
0.753187
0.757209
0.761202
0.765167
0.769103
0.77301
0.776888
0.780737
0.784557
0.788346
0.792107
0.795837
0.799537
0.803208
0.806848
0.810457
0.814036
0.817585
0.821103
0.824589
0.828045
0.83147
0.834863
0.838225
0.841555
0.844854
0.84812
0.851355
0.854558
0.857729
0.860867
0.863973
0.867046
0.870087
0.873095
0.87607
0.879012
0.881921
0.884797
0.88764
0.890449
0.893224
0.895966
0.898674
0.901349
0.903989
0.906596
0.909168
0.911706
0.91421
0.916679
0.919114
0.921514
0.92388
0.92621
0.928506
0.930767
0.932993
0.935184
0.937339
0.939459
0.941544
0.943593
0.945607
0.947586
0.949528
0.951435
0.953306
0.955141
0.95694
0.958703
0.960431
0.962121
0.963776
0.965394
0.966976
0.968522
0.970031
0.971504
0.97294
0.974339
0.975702
0.977028
0.978317
0.97957
0.980785
0.981964
0.983105
0.98421
0.985278
0.986308
0.987301
0.988258
0.989177
0.990058
0.990903
0.99171
0.99248
0.993212
0.993907
0.994565
0.995185
0.995767
0.996313
0.99682
0.99729
0.997723
0.998118
0.998476
0.998795
0.999078
0.999322
0.999529
0.999699
0.999831
0.999925
0.999981
1.
0.999981
0.999925
0.999831
0.999699
0.999529
0.999322
0.999078
0.998795
0.998476
0.998118
0.997723
0.99729
0.99682
0.996313
0.995767
0.995185
0.994565
0.993907
0.993212
0.99248
0.99171
0.990903
0.990058
0.989177
0.988258
0.987301
0.986308
0.985278
0.98421
0.983105
0.981964
0.980785
0.97957
0.978317
0.977028
0.975702
0.974339
0.97294
0.971504
0.970031
0.968522
0.966976
0.965394
0.963776
0.962121
0.960431
0.958703
0.95694
0.955141
0.953306
0.951435
0.949528
0.947586
0.945607
0.943593
0.941544
0.939459
0.937339
0.935184
0.932993
0.930767
0.928506
0.92621
0.92388
0.921514
0.919114
0.916679
0.91421
0.911706
0.909168
0.906596
0.903989
0.901349
0.898674
0.895966
0.893224
0.890449
0.88764
0.884797
0.881921
0.879012
0.87607
0.873095
0.870087
0.867046
0.863973
0.860867
0.857729
0.854558
0.851355
0.84812
0.844854
0.841555
0.838225
0.834863
0.83147
0.828045
0.824589
0.821103
0.817585
0.814036
0.810457
0.806848
0.803208
0.799537
0.795837
0.792107
0.788346
0.784557
0.780737
0.776888
0.77301
0.769103
0.765167
0.761202
0.757209
0.753187
0.749136
0.745058
0.740951
0.736817
0.732654
0.728464
0.724247
0.720003
0.715731
0.711432
0.707107
0.702755
0.698376
0.693971
0.689541
0.685084
0.680601
0.676093
0.671559
0.667
0.662416
0.657807
0.653173
0.648514
0.643832
0.639124
0.634393
0.629638
0.624859
0.620057
0.615232
0.610383
0.605511
0.600616
0.595699
0.59076
0.585798
0.580814
0.575808
0.570781
0.565732
0.560662
0.55557
0.550458
0.545325
0.540171
0.534998
0.529804
0.52459
0.519356
0.514103
0.50883
0.503538
0.498228
0.492898
0.48755
0.482184
0.476799
0.471397
0.465976
0.460539
0.455084
0.449611
0.444122
0.438616
0.433094
0.427555
0.422
0.41643
0.410843
0.405241
0.399624
0.393992
0.388345
0.382683
0.377007
0.371317
0.365613
0.359895
0.354164
0.348419
0.342661
0.33689
0.331106
0.32531
0.319502
0.313682
0.30785
0.302006
0.296151
0.290285
0.284408
0.27852
0.272621
0.266713
0.260794
0.254866
0.248928
0.24298
0.237024
0.231058
0.225084
0.219101
0.21311
0.207111
0.201105
0.19509
0.189069
0.18304
0.177004
0.170962
0.164913
0.158858
0.152797
0.14673
0.140658
0.134581
0.128498
0.122411
0.116319
0.110222
0.104122
0.0980171
0.091909
0.0857973
0.0796824
0.0735646
0.0674439
0.0613207
0.0551952
0.0490677
0.0429383
0.0368072
0.0306748
0.0245412
0.0184067
0.0122715
0.
exact solution is : 
Vec Object: 1 MPI processes
  type: seq
0.
0.000621695
0.00124337
0.00186499
0.00248655
0.00310801
0.00372935
0.00435056
0.00497159
0.00559245
0.00621309
0.0068335
0.00745365
0.00807352
0.00869309
0.00931232
0.00993121
0.0105497
0.0111678
0.0117855
0.0124028
0.0130196
0.0136359
0.0142517
0.0148669
0.0154816
0.0160957
0.0167092
0.0173221
0.0179343
0.0185458
0.0191567
0.0197668
0.0203762
0.0209848
0.0215926
0.0221996
0.0228058
0.0234111
0.0240155
0.024619
0.0252216
0.0258233
0.026424
0.0270237
0.0276223
0.0282199
0.0288165
0.029412
0.0300064
0.0305996
0.0311917
0.0317826
0.0323723
0.0329608
0.0335481
0.0341341
0.0347188
0.0353022
0.0358843
0.036465
0.0370443
0.0376223
0.0381988
0.0387739
0.0393476
0.0399197
0.0404904
0.0410595
0.0416271
0.0421931
0.0427576
0.0433204
0.0438816
0.0444411
0.044999
0.0455552
0.0461096
0.0466623
0.0472133
0.0477625
0.0483099
0.0488554
0.0493992
0.049941
0.050481
0.0510191
0.0515553
0.0520895
0.0526218
0.053152
0.0536803
0.0542066
0.0547308
0.055253
0.0557731
0.056291
0.0568069
0.0573206
0.0578322
0.0583416
0.0588488
0.0593537
0.0598565
0.060357
0.0608552
0.0613511
0.0618447
0.062336
0.0628249
0.0633115
0.0637957
0.0642775
0.0647568
0.0652338
0.0657082
0.0661802
0.0666498
0.0671168
0.0675812
0.0680431
0.0685025
0.0689593
0.0694135
0.0698651
0.070314
0.0707603
0.0712039
0.0716449
0.0720832
0.0725187
0.0729515
0.0733816
0.0738089
0.0742334
0.0746551
0.075074
0.0754901
0.0759034
0.0763138
0.0767213
0.0771259
0.0775277
0.0779265
0.0783223
0.0787153
0.0791052
0.0794922
0.0798762
0.0802572
0.0806351
0.0810101
0.0813819
0.0817507
0.0821165
0.0824791
0.0828387
0.0831951
0.0835484
0.0838985
0.0842455
0.0845893
0.0849299
0.0852673
0.0856016
0.0859326
0.0862603
0.0865848
0.0869061
0.0872241
0.0875388
0.0878502
0.0881582
0.088463
0.0887645
0.0890626
0.0893573
0.0896487
0.0899367
0.0902213
0.0905025
0.0907804
0.0910548
0.0913257
0.0915933
0.0918573
0.092118
0.0923751
0.0926288
0.092879
0.0931257
0.0933689
0.0936086
0.0938447
0.0940773
0.0943064
0.0945319
0.0947539
0.0949723
0.0951871
0.0953984
0.095606
0.0958101
0.0960105
0.0962073
0.0964005
0.0965901
0.096776
0.0969583
0.097137
0.097312
0.0974833
0.0976509
0.0978149
0.0979752
0.0981318
0.0982847
0.0984339
0.0985794
0.0987212
0.0988593
0.0989936
0.0991243
0.0992512
0.0993743
0.0994937
0.0996094
0.0997213
0.0998295
0.0999339
0.100035
0.100131
0.100225
0.100314
0.100399
0.100481
0.100559
0.100633
0.100704
0.10077
0.100833
0.100892
0.100948
0.100999
0.101047
0.10109
0.101131
0.101167
0.101199
0.101228
0.101253
0.101274
0.101291
0.101304
0.101314
0.101319
0.101321
0.101319
0.101314
0.101304
0.101291
0.101274
0.101253
0.101228
0.101199
0.101167
0.101131
0.10109
0.101047
0.100999
0.100948
0.100892
0.100833
0.10077
0.100704
0.100633
0.100559
0.100481
0.100399
0.100314
0.100225
0.100131
0.100035
0.0999339
0.0998295
0.0997213
0.0996094
0.0994937
0.0993743
0.0992512
0.0991243
0.0989936
0.0988593
0.0987212
0.0985794
0.0984339
0.0982847
0.0981318
0.0979752
0.0978149
0.0976509
0.0974833
0.097312
0.097137
0.0969583
0.096776
0.0965901
0.0964005
0.0962073
0.0960105
0.0958101
0.095606
0.0953984
0.0951871
0.0949723
0.0947539
0.0945319
0.0943064
0.0940773
0.0938447
0.0936086
0.0933689
0.0931257
0.092879
0.0926288
0.0923751
0.092118
0.0918573
0.0915933
0.0913257
0.0910548
0.0907804
0.0905025
0.0902213
0.0899367
0.0896487
0.0893573
0.0890626
0.0887645
0.088463
0.0881582
0.0878502
0.0875388
0.0872241
0.0869061
0.0865848
0.0862603
0.0859326
0.0856016
0.0852673
0.0849299
0.0845893
0.0842455
0.0838985
0.0835484
0.0831951
0.0828387
0.0824791
0.0821165
0.0817507
0.0813819
0.0810101
0.0806351
0.0802572
0.0798762
0.0794922
0.0791052
0.0787153
0.0783223
0.0779265
0.0775277
0.0771259
0.0767213
0.0763138
0.0759034
0.0754901
0.075074
0.0746551
0.0742334
0.0738089
0.0733816
0.0729515
0.0725187
0.0720832
0.0716449
0.0712039
0.0707603
0.070314
0.0698651
0.0694135
0.0689593
0.0685025
0.0680431
0.0675812
0.0671168
0.0666498
0.0661802
0.0657082
0.0652338
0.0647568
0.0642775
0.0637957
0.0633115
0.0628249
0.062336
0.0618447
0.0613511
0.0608552
0.060357
0.0598565
0.0593537
0.0588488
0.0583416
0.0578322
0.0573206
0.0568069
0.056291
0.0557731
0.055253
0.0547308
0.0542066
0.0536803
0.053152
0.0526218
0.0520895
0.0515553
0.0510191
0.050481
0.049941
0.0493992
0.0488554
0.0483099
0.0477625
0.0472133
0.0466623
0.0461096
0.0455552
0.044999
0.0444411
0.0438816
0.0433204
0.0427576
0.0421931
0.0416271
0.0410595
0.0404904
0.0399197
0.0393476
0.0387739
0.0381988
0.0376223
0.0370443
0.036465
0.0358843
0.0353022
0.0347188
0.0341341
0.0335481
0.0329608
0.0323723
0.0317826
0.0311917
0.0305996
0.0300064
0.029412
0.0288165
0.0282199
0.0276223
0.0270237
0.026424
0.0258233
0.0252216
0.024619
0.0240155
0.0234111
0.0228058
0.0221996
0.0215926
0.0209848
0.0203762
0.0197668
0.0191567
0.0185458
0.0179343
0.0173221
0.0167092
0.0160957
0.0154816
0.0148669
0.0142517
0.0136359
0.0130196
0.0124028
0.0117855
0.0111678
0.0105497
0.00993121
0.00931232
0.00869309
0.00807352
0.00745365
0.0068335
0.00621309
0.00559245
0.00497159
0.00435056
0.00372935
0.00310801
0.00248655
0.00186499
0.00124337
0.000621695
It's explicit scheme
step=253
---------------------
numerical result u is : 
Vec Object: 1 MPI processes
  type: seq
-inf.
inf.
-inf.
inf.
-inf.
inf.
-inf.
inf.
-inf.
inf.
-inf.
inf.
-inf.
inf.
-inf.
inf.
-inf.
inf.
-inf.
inf.
-inf.
inf.
-inf.
inf.
-inf.
inf.
-inf.
inf.
-inf.
inf.
-inf.
inf.
-inf.
inf.
-inf.
inf.
-inf.
inf.
-inf.
inf.
-inf.
inf.
-inf.
inf.
-inf.
inf.
-inf.
inf.
-inf.
inf.
-inf.
inf.
-inf.
inf.
-inf.
inf.
-inf.
inf.
-inf.
inf.
-inf.
inf.
-inf.
inf.
-inf.
inf.
-inf.
inf.
-inf.
inf.
-inf.
inf.
-inf.
inf.
-inf.
inf.
-inf.
inf.
-inf.
inf.
-inf.
inf.
-inf.
inf.
-inf.
inf.
-inf.
inf.
-inf.
inf.
-inf.
inf.
-inf.
inf.
-inf.
inf.
-inf.
inf.
-inf.
inf.
-inf.
inf.
-inf.
inf.
-inf.
inf.
-inf.
inf.
-inf.
inf.
-inf.
inf.
-inf.
inf.
-inf.
inf.
-inf.
inf.
-inf.
inf.
-inf.
inf.
-inf.
inf.
-inf.
inf.
-inf.
inf.
-inf.
inf.
-inf.
inf.
-inf.
inf.
-inf.
inf.
-inf.
inf.
-inf.
inf.
-inf.
inf.
-inf.
inf.
-inf.
inf.
-inf.
inf.
-inf.
inf.
-inf.
inf.
-inf.
inf.
-inf.
-inf.
inf.
-inf.
inf.
-inf.
inf.
-inf.
inf.
-inf.
inf.
-inf.
inf.
-inf.
inf.
-inf.
inf.
inf.
-inf.
inf.
-inf.
inf.
-inf.
inf.
-inf.
inf.
-inf.
inf.
-inf.
inf.
-inf.
inf.
-inf.
inf.
-inf.
inf.
-inf.
inf.
-inf.
inf.
-inf.
inf.
-inf.
inf.
-inf.
inf.
-inf.
inf.
-inf.
inf.
-inf.
inf.
-inf.
inf.
-inf.
inf.
-inf.
inf.
-inf.
inf.
-inf.
inf.
-inf.
inf.
-inf.
inf.
-inf.
inf.
-inf.
-inf.
inf.
-inf.
inf.
-inf.
inf.
-inf.
inf.
-inf.
inf.
-inf.
inf.
-inf.
inf.
-inf.
inf.
-inf.
inf.
-inf.
inf.
-inf.
inf.
-inf.
inf.
-inf.
inf.
-inf.
inf.
-inf.
inf.
-inf.
inf.
-inf.
inf.
-inf.
inf.
-inf.
inf.
-inf.
inf.
1.68826e+308
-inf.
inf.
-inf.
inf.
-inf.
inf.
-inf.
inf.
-inf.
inf.
-inf.
inf.
inf.
-inf.
inf.
-inf.
inf.
-inf.
inf.
-inf.
inf.
-inf.
inf.
-inf.
inf.
-inf.
inf.
-inf.
inf.
-inf.
inf.
-inf.
inf.
-inf.
inf.
-inf.
inf.
-inf.
inf.
-inf.
inf.
-inf.
inf.
-inf.
inf.
-inf.
inf.
-inf.
inf.
-inf.
inf.
-inf.
inf.
-inf.
inf.
-inf.
inf.
-inf.
inf.
inf.
-inf.
inf.
-inf.
inf.
-inf.
inf.
-inf.
inf.
-inf.
inf.
-inf.
inf.
-inf.
inf.
-inf.
inf.
-inf.
-inf.
inf.
-inf.
inf.
-inf.
inf.
-inf.
inf.
-inf.
inf.
-inf.
inf.
-inf.
inf.
-inf.
inf.
-inf.
inf.
-inf.
inf.
-inf.
inf.
-inf.
-inf.
inf.
-inf.
inf.
-inf.
inf.
-inf.
inf.
-inf.
inf.
-inf.
inf.
-inf.
inf.
-inf.
inf.
-inf.
inf.
-inf.
inf.
-inf.
inf.
-inf.
inf.
-inf.
inf.
-inf.
inf.
-inf.
inf.
-inf.
inf.
-inf.
inf.
-inf.
inf.
-inf.
inf.
-inf.
inf.
-inf.
inf.
-inf.
inf.
-inf.
inf.
-inf.
inf.
-inf.
inf.
-inf.
inf.
-inf.
-nan.
-nan.
-inf.
inf.
-inf.
inf.
-inf.
inf.
-inf.
inf.
-inf.
inf.
-inf.
inf.
-inf.
inf.
-inf.
inf.
-inf.
inf.
-inf.
inf.
-inf.
inf.
-inf.
inf.
-inf.
inf.
-inf.
inf.
-inf.
inf.
-inf.
inf.
-inf.
inf.
-inf.
inf.
-inf.
inf.
-inf.
inf.
-inf.
inf.
-inf.
inf.
-inf.
inf.
-inf.
inf.
-inf.
inf.
-inf.
inf.
-inf.
inf.
-inf.
inf.
-inf.
inf.
-inf.
inf.
-inf.
inf.
-inf.
inf.
-inf.
inf.
-inf.
inf.
-inf.
inf.
-inf.
inf.
-inf.
inf.
-inf.
inf.
-inf.
inf.
-inf.
inf.
-inf.
inf.
-inf.
inf.
-inf.
inf.
-inf.
inf.
-inf.
inf.
-inf.
inf.
-inf.
The program is finished
************************************************************************************************************************
***             WIDEN YOUR WINDOW TO 120 CHARACTERS.  Use 'enscript -r -fCourier9' to print this document            ***
************************************************************************************************************************

---------------------------------------------- PETSc Performance Summary: ----------------------------------------------

./final.out on a  named r01n15 with 1 processor, by mae-liq1 Wed Jun  8 17:04:15 2022
Using Petsc Release Version 3.16.6, Mar 30, 2022 

                         Max       Max/Min     Avg       Total
Time (sec):           8.877e-02     1.000   8.877e-02
Objects:              8.000e+00     1.000   8.000e+00
Flop:                 1.160e+06     1.000   1.160e+06  1.160e+06
Flop/sec:             1.307e+07     1.000   1.307e+07  1.307e+07
MPI Messages:         0.000e+00     0.000   0.000e+00  0.000e+00
MPI Message Lengths:  0.000e+00     0.000   0.000e+00  0.000e+00
MPI Reductions:       0.000e+00     0.000

Flop counting convention: 1 flop = 1 real number operation of type (multiply/divide/add/subtract)
                            e.g., VecAXPY() for real vectors of length N --> 2N flop
                            and VecAXPY() for complex vectors of length N --> 8N flop

Summary of Stages:   ----- Time ------  ----- Flop ------  --- Messages ---  -- Message Lengths --  -- Reductions --
                        Avg     %Total     Avg     %Total    Count   %Total     Avg         %Total    Count   %Total
 0:      Main Stage: 8.8759e-02 100.0%  1.1600e+06 100.0%  0.000e+00   0.0%  0.000e+00        0.0%  0.000e+00   0.0%

------------------------------------------------------------------------------------------------------------------------
See the 'Profiling' chapter of the users' manual for details on interpreting output.
Phase summary info:
   Count: number of times phase was executed
   Time and Flop: Max - maximum over all processors
                  Ratio - ratio of maximum to minimum over all processors
   Mess: number of messages sent
   AvgLen: average message length (bytes)
   Reduct: number of global reductions
   Global: entire computation
   Stage: stages of a computation. Set stages with PetscLogStagePush() and PetscLogStagePop().
      %T - percent time in this phase         %F - percent flop in this phase
      %M - percent messages in this phase     %L - percent message lengths in this phase
      %R - percent reductions in this phase
   Total Mflop/s: 10e-6 * (sum of flop over all processors)/(max time over all processors)
------------------------------------------------------------------------------------------------------------------------
Event                Count      Time (sec)     Flop                              --- Global ---  --- Stage ----  Total
                   Max Ratio  Max     Ratio   Max  Ratio  Mess   AvgLen  Reduct  %T %F %M %L %R  %T %F %M %L %R Mflop/s
------------------------------------------------------------------------------------------------------------------------

--- Event Stage 0: Main Stage

VecView               28 1.0 7.9592e-02 1.0 0.00e+00 0.0 0.0e+00 0.0e+00 0.0e+00 90  0  0  0  0  90  0  0  0  0     0
VecNorm              252 1.0 1.4734e-04 1.0 2.58e+05 1.0 0.0e+00 0.0e+00 0.0e+00  0 22  0  0  0   0 22  0  0  0  1750
VecCopy              252 1.0 6.7711e-05 1.0 0.00e+00 0.0 0.0e+00 0.0e+00 0.0e+00  0  0  0  0  0   0  0  0  0  0     0
VecSet                 4 1.0 2.4080e-05 1.0 0.00e+00 0.0 0.0e+00 0.0e+00 0.0e+00  0  0  0  0  0   0  0  0  0  0     0
VecAXPY              252 1.0 2.5284e-03 1.0 2.58e+05 1.0 0.0e+00 0.0e+00 0.0e+00  3 22  0  0  0   3 22  0  0  0   102
VecAssemblyBegin       3 1.0 0.0000e+00 0.0 0.00e+00 0.0 0.0e+00 0.0e+00 0.0e+00  0  0  0  0  0   0  0  0  0  0     0
VecAssemblyEnd         3 1.0 0.0000e+00 0.0 0.00e+00 0.0 0.0e+00 0.0e+00 0.0e+00  0  0  0  0  0   0  0  0  0  0     0
MatMult              252 1.0 4.9257e-04 1.0 6.44e+05 1.0 0.0e+00 0.0e+00 0.0e+00  1 56  0  0  0   1 56  0  0  0  1308
MatAssemblyBegin       1 1.0 0.0000e+00 0.0 0.00e+00 0.0 0.0e+00 0.0e+00 0.0e+00  0  0  0  0  0   0  0  0  0  0     0
MatAssemblyEnd         1 1.0 6.2943e-05 1.0 0.00e+00 0.0 0.0e+00 0.0e+00 0.0e+00  0  0  0  0  0   0  0  0  0  0     0
------------------------------------------------------------------------------------------------------------------------

Memory usage is given in bytes:

Object Type          Creations   Destructions     Memory  Descendants' Mem.
Reports information only for process 0.

--- Event Stage 0: Main Stage

              Vector     4              3        17160     0.
              Matrix     1              1        44236     0.
              Viewer     3              2         1648     0.
========================================================================================================================
Average time to get PetscTime(): 9.53674e-08
#PETSc Option Table entries:
-log_view
-n 512
-restart 0
#End of PETSc Option Table entries
Compiled without FORTRAN kernels
Compiled with full precision matrices (default)
sizeof(short) 2 sizeof(int) 4 sizeof(long) 8 sizeof(void*) 8 sizeof(PetscScalar) 8 sizeof(PetscInt) 4
Configure options: --prefix=/work/mae-liq1/lib/petsc-3.16.6 --with-blaslapack-dir=/share/intel/2018u4/compilers_and_libraries_2018.5.274/linux/mkl --with-debugging=no --download-hypre --download-metis --download-hdf5=/work/mae-liq1/software/hdf5-1.12.1.tar.gz --with-mpi-dir=/share/intel/2018u4/compilers_and_libraries_2018.5.274/linux/mpi/intel64 COPTFLAGS="-O3 -march=native -mtune=native" CXXPTFLAGS="-O3 -march=native -mtune=native" FOPTFLAGS="-O3 -march=native -mtune=native"
-----------------------------------------
Libraries compiled on 2022-05-03 14:18:39 on login03 
Machine characteristics: Linux-3.10.0-862.el7.x86_64-x86_64-with-redhat-7.5-Maipo
Using PETSc directory: /work/mae-liq1/lib/petsc-3.16.6
Using PETSc arch: 
-----------------------------------------

Using C compiler: /share/intel/2018u4/compilers_and_libraries_2018.5.274/linux/mpi/intel64/bin/mpicc  -fPIC -Wall -Wwrite-strings -Wno-strict-aliasing -Wno-unknown-pragmas -fstack-protector -fvisibility=hidden -O3 -march=native -mtune=native  -std=c99 
Using Fortran compiler: /share/intel/2018u4/compilers_and_libraries_2018.5.274/linux/mpi/intel64/bin/mpif90  -fPIC -Wall -ffree-line-length-0 -Wno-unused-dummy-argument -O3 -march=native -mtune=native     -std=c99
-----------------------------------------

Using include paths: -I/work/mae-liq1/lib/petsc-3.16.6/include -I/share/intel/2018u4/compilers_and_libraries_2018.5.274/linux/mkl/include -I/share/intel/2018u4/compilers_and_libraries_2018.5.274/linux/mpi/intel64/include
-----------------------------------------

Using C linker: /share/intel/2018u4/compilers_and_libraries_2018.5.274/linux/mpi/intel64/bin/mpicc
Using Fortran linker: /share/intel/2018u4/compilers_and_libraries_2018.5.274/linux/mpi/intel64/bin/mpif90
Using libraries: -Wl,-rpath,/work/mae-liq1/lib/petsc-3.16.6/lib -L/work/mae-liq1/lib/petsc-3.16.6/lib -lpetsc -Wl,-rpath,/work/mae-liq1/lib/petsc-3.16.6/lib -L/work/mae-liq1/lib/petsc-3.16.6/lib -Wl,-rpath,/share/intel/2018u4/compilers_and_libraries_2018.5.274/linux/mkl/lib/intel64 -L/share/intel/2018u4/compilers_and_libraries_2018.5.274/linux/mkl/lib/intel64 -Wl,-rpath,/share/intel/2018u4/compilers_and_libraries_2018.5.274/linux/mpi/intel64/lib/release_mt -L/share/intel/2018u4/compilers_and_libraries_2018.5.274/linux/mpi/intel64/lib/release_mt -Wl,-rpath,/share/intel/2018u4/compilers_and_libraries_2018.5.274/linux/mpi/intel64/lib -L/share/intel/2018u4/compilers_and_libraries_2018.5.274/linux/mpi/intel64/lib -Wl,-rpath,/usr/lib/gcc/x86_64-redhat-linux/4.8.5 -L/usr/lib/gcc/x86_64-redhat-linux/4.8.5 -Wl,-rpath,/opt/intel/mpi-rt/2017.0.0/intel64/lib/release_mt -Wl,-rpath,/opt/intel/mpi-rt/2017.0.0/intel64/lib -lHYPRE -lmkl_intel_lp64 -lmkl_core -lmkl_sequential -lpthread -lhdf5_hl -lhdf5 -lmetis -lm -lX11 -lstdc++ -ldl -lmpifort -lmpi -lmpigi -lrt -lpthread -lgfortran -lm -lgfortran -lm -lgcc_s -lquadmath -lstdc++ -ldl
-----------------------------------------

