n=64,dt=0.000000,dx=0.015625,steps=10000000,alpha=0.000819,beta=0.998362
Do not read u_old from uold.h5 ...
inital u is : 
Vec Object: 1 MPI processes
  type: seq
0.
0.0490677
0.0980171
0.14673
0.19509
0.24298
0.290285
0.33689
0.382683
0.427555
0.471397
0.514103
0.55557
0.595699
0.634393
0.671559
0.707107
0.740951
0.77301
0.803208
0.83147
0.857729
0.881921
0.903989
0.92388
0.941544
0.95694
0.970031
0.980785
0.989177
0.995185
0.998795
1.
0.998795
0.995185
0.989177
0.980785
0.970031
0.95694
0.941544
0.92388
0.903989
0.881921
0.857729
0.83147
0.803208
0.77301
0.740951
0.707107
0.671559
0.634393
0.595699
0.55557
0.514103
0.471397
0.427555
0.382683
0.33689
0.290285
0.24298
0.19509
0.14673
0.0980171
0.
exact solution is : 
Vec Object: 1 MPI processes
  type: seq
0.
0.00497159
0.00993121
0.0148669
0.0197668
0.024619
0.029412
0.0341341
0.0387739
0.0433204
0.0477625
0.0520895
0.056291
0.060357
0.0642775
0.0680431
0.0716449
0.075074
0.0783223
0.0813819
0.0842455
0.0869061
0.0893573
0.0915933
0.0936086
0.0953984
0.0969583
0.0982847
0.0993743
0.100225
0.100833
0.101199
0.101321
0.101199
0.100833
0.100225
0.0993743
0.0982847
0.0969583
0.0953984
0.0936086
0.0915933
0.0893573
0.0869061
0.0842455
0.0813819
0.0783223
0.075074
0.0716449
0.0680431
0.0642775
0.060357
0.056291
0.0520895
0.0477625
0.0433204
0.0387739
0.0341341
0.029412
0.024619
0.0197668
0.0148669
0.00993121
0.00497159
It's explicit scheme
