n=100,dt=0.000015,dx=0.010000,steps=100000,alpha=0.150000,beta=0.700000
Do not read u_old from uold.h5 ...
inital u is : 
Vec Object: 1 MPI processes
  type: seq
0.
0.0314108
0.0627905
0.0941083
0.125333
0.156434
0.187381
0.218143
0.24869
0.278991
0.309017
0.338738
0.368125
0.397148
0.425779
0.45399
0.481754
0.509041
0.535827
0.562083
0.587785
0.612907
0.637424
0.661312
0.684547
0.707107
0.728969
0.750111
0.770513
0.790155
0.809017
0.827081
0.844328
0.860742
0.876307
0.891007
0.904827
0.917755
0.929776
0.940881
0.951057
0.960294
0.968583
0.975917
0.982287
0.987688
0.992115
0.995562
0.998027
0.999507
1.
0.999507
0.998027
0.995562
0.992115
0.987688
0.982287
0.975917
0.968583
0.960294
0.951057
0.940881
0.929776
0.917755
0.904827
0.891007
0.876307
0.860742
0.844328
0.827081
0.809017
0.790155
0.770513
0.750111
0.728969
0.707107
0.684547
0.661312
0.637424
0.612907
0.587785
0.562083
0.535827
0.509041
0.481754
0.45399
0.425779
0.397148
0.368125
0.338738
0.309017
0.278991
0.24869
0.218143
0.187381
0.156434
0.125333
0.0941083
0.0627905
0.
exact solution is : 
Vec Object: 1 MPI processes
  type: seq
0.
0.00318258
0.00636201
0.00953517
0.0126989
0.0158501
0.0189857
0.0221025
0.0251976
0.0282677
0.03131
0.0343213
0.0372988
0.0402395
0.0431405
0.0459989
0.0488119
0.0515767
0.0542906
0.056951
0.0595551
0.0621005
0.0645846
0.0670049
0.0693591
0.0716449
0.07386
0.0760021
0.0780693
0.0800594
0.0819706
0.0838008
0.0855483
0.0872114
0.0887884
0.0902778
0.0916781
0.092988
0.0942061
0.0953312
0.0963622
0.0972981
0.098138
0.098881
0.0995265
0.100074
0.100522
0.100872
0.101121
0.101271
0.101321
0.101271
0.101121
0.100872
0.100522
0.100074
0.0995265
0.098881
0.098138
0.0972981
0.0963622
0.0953312
0.0942061
0.092988
0.0916781
0.0902778
0.0887884
0.0872114
0.0855483
0.0838008
0.0819706
0.0800594
0.0780693
0.0760021
0.07386
0.0716449
0.0693591
0.0670049
0.0645846
0.0621005
0.0595551
0.056951
0.0542906
0.0515767
0.0488119
0.0459989
0.0431405
0.0402395
0.0372988
0.0343213
0.03131
0.0282677
0.0251976
0.0221025
0.0189857
0.0158501
0.0126989
0.00953517
0.00636201
0.00318258
It's explicit scheme
step=100000
---------------------
numerical result u is : 
Vec Object: 1 MPI processes
  type: seq
0.00315134
0.00630268
0.00945087
0.0125928
0.0157253
0.0188453
0.0219496
0.0250352
0.028099
0.0311379
0.0341489
0.037129
0.0400752
0.0429846
0.0458543
0.0486815
0.0514632
0.0541968
0.0568794
0.0595085
0.0620813
0.0645954
0.0670482
0.0694372
0.0717601
0.0740146
0.0761983
0.0783092
0.080345
0.0823038
0.0841836
0.0859825
0.0876986
0.0893303
0.090876
0.092334
0.0937029
0.0949814
0.096168
0.0972617
0.0982613
0.0991658
0.0999743
0.100686
0.1013
0.101816
0.102233
0.10255
0.102769
0.102887
0.102906
0.102824
0.102643
0.102361
0.101981
0.101501
0.100922
0.100245
0.09947
0.0985986
0.097631
0.0965684
0.0954117
0.094162
0.0928206
0.0913886
0.0898676
0.0882589
0.0865641
0.084785
0.0829231
0.0809803
0.0789584
0.0768596
0.0746857
0.0724389
0.0701214
0.0677355
0.0652834
0.0627676
0.0601905
0.0575546
0.0548625
0.0521169
0.0493203
0.0464755
0.0435854
0.0406527
0.0376802
0.0346709
0.0316278
0.0285538
0.0254518
0.022325
0.0191764
0.0160091
0.0128261
0.00963053
0.00642559
0.00321436
The program is finished
