n=1000,dt=0.000020,dx=0.001000,steps=100000,alpha=20.000000,beta=-39.000000
Do not read u_old from uold.h5 ...
Vec Object: 1 MPI processes
  type: seq
0.
1.001
1.002
1.003
1.00401
1.00501
1.00602
1.00702
1.00803
1.00904
1.01005
1.01106
1.01207
1.01308
1.0141
1.01511
1.01613
1.01715
1.01816
1.01918
1.0202
1.02122
1.02224
1.02327
1.02429
1.02532
1.02634
1.02737
1.0284
1.02942
1.03045
1.03149
1.03252
1.03355
1.03458
1.03562
1.03666
1.03769
1.03873
1.03977
1.04081
1.04185
1.04289
1.04394
1.04498
1.04603
1.04707
1.04812
1.04917
1.05022
1.05127
1.05232
1.05338
1.05443
1.05548
1.05654
1.0576
1.05866
1.05971
1.06078
1.06184
1.0629
1.06396
1.06503
1.06609
1.06716
1.06823
1.0693
1.07037
1.07144
1.07251
1.07358
1.07466
1.07573
1.07681
1.07788
1.07896
1.08004
1.08112
1.0822
1.08329
1.08437
1.08546
1.08654
1.08763
1.08872
1.08981
1.0909
1.09199
1.09308
1.09417
1.09527
1.09636
1.09746
1.09856
1.09966
1.10076
1.10186
1.10296
1.10407
1.10517
1.10628
1.10738
1.10849
1.1096
1.11071
1.11182
1.11293
1.11405
1.11516
1.11628
1.11739
1.11851
1.11963
1.12075
1.12187
1.123
1.12412
1.12524
1.12637
1.1275
1.12862
1.12975
1.13088
1.13202
1.13315
1.13428
1.13542
1.13655
1.13769
1.13883
1.13997
1.14111
1.14225
1.14339
1.14454
1.14568
1.14683
1.14798
1.14912
1.15027
1.15142
1.15258
1.15373
1.15488
1.15604
1.1572
1.15835
1.15951
1.16067
1.16183
1.163
1.16416
1.16532
1.16649
1.16766
1.16883
1.17
1.17117
1.17234
1.17351
1.17468
1.17586
1.17704
1.17821
1.17939
1.18057
1.18175
1.18294
1.18412
1.1853
1.18649
1.18768
1.18887
1.19006
1.19125
1.19244
1.19363
1.19483
1.19602
1.19722
1.19842
1.19961
1.20081
1.20202
1.20322
1.20442
1.20563
1.20683
1.20804
1.20925
1.21046
1.21167
1.21288
1.2141
1.21531
1.21653
1.21774
1.21896
1.22018
1.2214
1.22262
1.22385
1.22507
1.2263
1.22753
1.22875
1.22998
1.23121
1.23244
1.23368
1.23491
1.23615
1.23738
1.23862
1.23986
1.2411
1.24234
1.24359
1.24483
1.24608
1.24732
1.24857
1.24982
1.25107
1.25232
1.25358
1.25483
1.25609
1.25734
1.2586
1.25986
1.26112
1.26238
1.26364
1.26491
1.26617
1.26744
1.26871
1.26998
1.27125
1.27252
1.27379
1.27507
1.27634
1.27762
1.2789
1.28018
1.28146
1.28274
1.28403
1.28531
1.2866
1.28788
1.28917
1.29046
1.29175
1.29305
1.29434
1.29563
1.29693
1.29823
1.29953
1.30083
1.30213
1.30343
1.30474
1.30604
1.30735
1.30866
1.30996
1.31128
1.31259
1.3139
1.31521
1.31653
1.31785
1.31917
1.32049
1.32181
1.32313
1.32445
1.32578
1.32711
1.32843
1.32976
1.33109
1.33242
1.33376
1.33509
1.33643
1.33776
1.3391
1.34044
1.34178
1.34313
1.34447
1.34582
1.34716
1.34851
1.34986
1.35121
1.35256
1.35391
1.35527
1.35663
1.35798
1.35934
1.3607
1.36206
1.36343
1.36479
1.36615
1.36752
1.36889
1.37026
1.37163
1.373
1.37438
1.37575
1.37713
1.37851
1.37988
1.38127
1.38265
1.38403
1.38542
1.3868
1.38819
1.38958
1.39097
1.39236
1.39375
1.39515
1.39654
1.39794
1.39934
1.40074
1.40214
1.40354
1.40495
1.40635
1.40776
1.40917
1.41058
1.41199
1.4134
1.41482
1.41623
1.41765
1.41907
1.42049
1.42191
1.42333
1.42476
1.42618
1.42761
1.42904
1.43047
1.4319
1.43333
1.43476
1.4362
1.43764
1.43907
1.44051
1.44196
1.4434
1.44484
1.44629
1.44773
1.44918
1.45063
1.45208
1.45354
1.45499
1.45645
1.4579
1.45936
1.46082
1.46228
1.46375
1.46521
1.46668
1.46815
1.46961
1.47108
1.47256
1.47403
1.4755
1.47698
1.47846
1.47994
1.48142
1.4829
1.48438
1.48587
1.48736
1.48884
1.49033
1.49182
1.49332
1.49481
1.49631
1.4978
1.4993
1.5008
1.5023
1.50381
1.50531
1.50682
1.50833
1.50983
1.51135
1.51286
1.51437
1.51589
1.5174
1.51892
1.52044
1.52196
1.52348
1.52501
1.52653
1.52806
1.52959
1.53112
1.53265
1.53419
1.53572
1.53726
1.5388
1.54034
1.54188
1.54342
1.54496
1.54651
1.54806
1.5496
1.55116
1.55271
1.55426
1.55582
1.55737
1.55893
1.56049
1.56205
1.56361
1.56518
1.56674
1.56831
1.56988
1.57145
1.57302
1.5746
1.57617
1.57775
1.57933
1.58091
1.58249
1.58407
1.58566
1.58725
1.58883
1.59042
1.59201
1.59361
1.5952
1.5968
1.59839
1.59999
1.60159
1.6032
1.6048
1.60641
1.60801
1.60962
1.61123
1.61285
1.61446
1.61607
1.61769
1.61931
1.62093
1.62255
1.62418
1.6258
1.62743
1.62905
1.63068
1.63232
1.63395
1.63558
1.63722
1.63886
1.6405
1.64214
1.64378
1.64543
1.64707
1.64872
1.65037
1.65202
1.65367
1.65533
1.65699
1.65864
1.6603
1.66196
1.66363
1.66529
1.66696
1.66863
1.67029
1.67197
1.67364
1.67531
1.67699
1.67867
1.68035
1.68203
1.68371
1.6854
1.68708
1.68877
1.69046
1.69215
1.69384
1.69554
1.69723
1.69893
1.70063
1.70233
1.70404
1.70574
1.70745
1.70916
1.71087
1.71258
1.71429
1.71601
1.71772
1.71944
1.72116
1.72288
1.72461
1.72633
1.72806
1.72979
1.73152
1.73325
1.73499
1.73672
1.73846
1.7402
1.74194
1.74368
1.74543
1.74717
1.74892
1.75067
1.75242
1.75418
1.75593
1.75769
1.75945
1.76121
1.76297
1.76473
1.7665
1.76827
1.77004
1.77181
1.77358
1.77535
1.77713
1.77891
1.78069
1.78247
1.78425
1.78604
1.78783
1.78961
1.7914
1.7932
1.79499
1.79679
1.79858
1.80038
1.80219
1.80399
1.80579
1.8076
1.80941
1.81122
1.81303
1.81484
1.81666
1.81848
1.8203
1.82212
1.82394
1.82577
1.82759
1.82942
1.83125
1.83308
1.83492
1.83675
1.83859
1.84043
1.84227
1.84412
1.84596
1.84781
1.84966
1.85151
1.85336
1.85521
1.85707
1.85893
1.86079
1.86265
1.86451
1.86638
1.86825
1.87012
1.87199
1.87386
1.87573
1.87761
1.87949
1.88137
1.88325
1.88514
1.88702
1.88891
1.8908
1.89269
1.89459
1.89648
1.89838
1.90028
1.90218
1.90408
1.90599
1.90789
1.9098
1.91171
1.91363
1.91554
1.91746
1.91938
1.9213
1.92322
1.92514
1.92707
1.929
1.93093
1.93286
1.93479
1.93673
1.93867
1.94061
1.94255
1.94449
1.94644
1.94838
1.95033
1.95228
1.95424
1.95619
1.95815
1.96011
1.96207
1.96403
1.966
1.96796
1.96993
1.9719
1.97388
1.97585
1.97783
1.97981
1.98179
1.98377
1.98576
1.98774
1.98973
1.99172
1.99372
1.99571
1.99771
1.99971
2.00171
2.00371
2.00571
2.00772
2.00973
2.01174
2.01375
2.01577
2.01778
2.0198
2.02182
2.02385
2.02587
2.0279
2.02993
2.03196
2.03399
2.03603
2.03806
2.0401
2.04214
2.04419
2.04623
2.04828
2.05033
2.05238
2.05443
2.05649
2.05855
2.06061
2.06267
2.06473
2.0668
2.06886
2.07093
2.07301
2.07508
2.07716
2.07923
2.08132
2.0834
2.08548
2.08757
2.08966
2.09175
2.09384
2.09594
2.09803
2.10013
2.10223
2.10434
2.10644
2.10855
2.11066
2.11277
2.11488
2.117
2.11912
2.12124
2.12336
2.12548
2.12761
2.12974
2.13187
2.134
2.13614
2.13828
2.14042
2.14256
2.1447
2.14685
2.14899
2.15114
2.1533
2.15545
2.15761
2.15977
2.16193
2.16409
2.16626
2.16842
2.17059
2.17276
2.17494
2.17711
2.17929
2.18147
2.18365
2.18584
2.18803
2.19022
2.19241
2.1946
2.1968
2.19899
2.20119
2.2034
2.2056
2.20781
2.21002
2.21223
2.21444
2.21666
2.21887
2.22109
2.22332
2.22554
2.22777
2.23
2.23223
2.23446
2.2367
2.23893
2.24117
2.24342
2.24566
2.24791
2.25016
2.25241
2.25466
2.25692
2.25918
2.26144
2.2637
2.26596
2.26823
2.2705
2.27277
2.27505
2.27732
2.2796
2.28188
2.28416
2.28645
2.28874
2.29103
2.29332
2.29561
2.29791
2.30021
2.30251
2.30481
2.30712
2.30943
2.31174
2.31405
2.31637
2.31868
2.321
2.32333
2.32565
2.32798
2.33031
2.33264
2.33497
2.33731
2.33965
2.34199
2.34433
2.34668
2.34902
2.35137
2.35373
2.35608
2.35844
2.3608
2.36316
2.36553
2.36789
2.37026
2.37263
2.37501
2.37738
2.37976
2.38214
2.38453
2.38691
2.3893
2.39169
2.39408
2.39648
2.39888
2.40128
2.40368
2.40608
2.40849
2.4109
2.41331
2.41573
2.41814
2.42056
2.42298
2.42541
2.42784
2.43026
2.4327
2.43513
2.43757
2.44
2.44245
2.44489
2.44734
2.44978
2.45224
2.45469
2.45714
2.4596
2.46206
2.46453
2.46699
2.46946
2.47193
2.47441
2.47688
2.47936
2.48184
2.48432
2.48681
2.4893
2.49179
2.49428
2.49678
2.49927
2.50177
2.50428
2.50678
2.50929
2.5118
2.51431
2.51683
2.51935
2.52187
2.52439
2.52692
2.52945
2.53198
2.53451
2.53704
2.53958
2.54212
2.54467
2.54721
2.54976
2.55231
2.55487
2.55742
2.55998
2.56254
2.56511
2.56767
2.57024
2.57281
2.57539
2.57796
2.58054
2.58313
2.58571
2.5883
2.59089
2.59348
2.59607
2.59867
2.60127
2.60387
2.60648
2.60909
2.6117
2.61431
2.61693
2.61954
2.62216
2.62479
2.62741
2.63004
2.63267
2.63531
2.63794
2.64058
2.64323
2.64587
2.64852
2.65117
2.65382
2.65647
2.65913
2.66179
2.66446
2.66712
2.66979
2.67246
2.67514
2.67781
2.68049
2.68317
2.68586
2.68854
2.69123
2.69393
2.69662
2.69932
2.70202
2.70472
2.70743
2.71014
2.71285
0.
It's explicit scheme
step=174
---------------------
Vec Object: 1 MPI processes
  type: seq
inf.
-inf.
inf.
-inf.
inf.
-inf.
inf.
-inf.
inf.
-inf.
inf.
-inf.
inf.
-inf.
inf.
-inf.
inf.
-inf.
inf.
-inf.
inf.
-inf.
inf.
-inf.
inf.
-inf.
inf.
-inf.
inf.
-inf.
inf.
-inf.
inf.
-inf.
inf.
-inf.
inf.
-inf.
inf.
-inf.
inf.
-inf.
inf.
-inf.
inf.
-inf.
inf.
-inf.
inf.
-inf.
inf.
-inf.
inf.
-inf.
inf.
-inf.
inf.
-inf.
inf.
-inf.
inf.
-inf.
inf.
-inf.
inf.
-inf.
inf.
-inf.
inf.
-inf.
inf.
-inf.
inf.
-inf.
inf.
-inf.
inf.
-inf.
inf.
-inf.
inf.
-inf.
inf.
-inf.
inf.
-inf.
inf.
-inf.
inf.
-inf.
inf.
-inf.
inf.
-inf.
inf.
-inf.
inf.
-inf.
inf.
-inf.
inf.
-inf.
inf.
-inf.
inf.
-inf.
inf.
-nan.
-nan.
inf.
-inf.
inf.
-inf.
inf.
-inf.
inf.
-inf.
inf.
-inf.
inf.
-inf.
inf.
-inf.
inf.
-inf.
inf.
-inf.
inf.
-inf.
inf.
-inf.
inf.
-inf.
inf.
-inf.
inf.
-inf.
inf.
-inf.
inf.
-inf.
inf.
-inf.
inf.
-inf.
inf.
-inf.
inf.
-inf.
inf.
-inf.
inf.
-inf.
inf.
-inf.
inf.
-inf.
inf.
-inf.
inf.
-inf.
inf.
-inf.
inf.
-inf.
inf.
-inf.
inf.
-inf.
inf.
-inf.
inf.
-inf.
inf.
-inf.
inf.
-inf.
inf.
-inf.
inf.
-inf.
inf.
-inf.
inf.
-inf.
inf.
-inf.
inf.
-inf.
inf.
-inf.
inf.
-inf.
inf.
-inf.
inf.
-inf.
inf.
-inf.
inf.
-inf.
inf.
-inf.
inf.
-inf.
inf.
-inf.
inf.
-inf.
inf.
-inf.
inf.
-inf.
inf.
-inf.
inf.
-inf.
inf.
-inf.
inf.
-inf.
-nan.
inf.
-inf.
inf.
-inf.
inf.
-inf.
inf.
-inf.
inf.
-inf.
inf.
-inf.
inf.
-inf.
inf.
-inf.
inf.
-inf.
inf.
-inf.
-inf.
inf.
-inf.
inf.
-inf.
inf.
-inf.
inf.
-inf.
inf.
-inf.
inf.
-inf.
inf.
-inf.
inf.
-inf.
inf.
-inf.
inf.
-inf.
inf.
-inf.
inf.
-inf.
inf.
-inf.
inf.
-inf.
inf.
-inf.
inf.
-inf.
inf.
-inf.
inf.
-inf.
inf.
-inf.
inf.
-inf.
inf.
-inf.
inf.
-inf.
inf.
-inf.
inf.
-inf.
inf.
-inf.
inf.
-inf.
inf.
-inf.
inf.
-inf.
inf.
-inf.
inf.
-inf.
inf.
-inf.
inf.
-inf.
inf.
-inf.
inf.
-inf.
inf.
-inf.
inf.
-inf.
inf.
-inf.
inf.
-inf.
inf.
-inf.
inf.
-inf.
inf.
-inf.
inf.
-nan.
-inf.
inf.
-inf.
inf.
-inf.
inf.
-inf.
inf.
-inf.
inf.
-inf.
inf.
-inf.
inf.
-inf.
inf.
-inf.
inf.
-inf.
inf.
-inf.
inf.
-inf.
inf.
-inf.
inf.
-inf.
inf.
-inf.
-nan.
inf.
-inf.
inf.
-inf.
inf.
-inf.
inf.
-inf.
inf.
-inf.
inf.
-inf.
inf.
-inf.
inf.
-inf.
inf.
-inf.
inf.
-inf.
inf.
-inf.
inf.
-inf.
inf.
-inf.
inf.
-inf.
inf.
-inf.
inf.
-inf.
inf.
-inf.
inf.
-inf.
inf.
-inf.
inf.
-inf.
inf.
-inf.
inf.
-inf.
inf.
-inf.
inf.
-inf.
inf.
-inf.
inf.
-inf.
inf.
-inf.
inf.
-inf.
inf.
-inf.
inf.
-inf.
inf.
-inf.
inf.
-inf.
inf.
-inf.
inf.
-inf.
inf.
-inf.
inf.
-inf.
inf.
-inf.
inf.
-inf.
inf.
-inf.
inf.
-inf.
inf.
-inf.
inf.
-inf.
inf.
-nan.
-inf.
inf.
-inf.
inf.
-inf.
inf.
-inf.
-nan.
inf.
-inf.
inf.
-inf.
inf.
-inf.
inf.
-inf.
inf.
-inf.
inf.
-inf.
inf.
-inf.
inf.
-inf.
inf.
-inf.
inf.
-inf.
inf.
-inf.
inf.
-inf.
inf.
-inf.
inf.
-inf.
inf.
-inf.
inf.
-inf.
inf.
-inf.
inf.
-inf.
inf.
-inf.
inf.
-inf.
inf.
-inf.
inf.
-inf.
inf.
-inf.
inf.
-inf.
inf.
-inf.
inf.
-inf.
inf.
-inf.
inf.
-inf.
inf.
-inf.
inf.
-inf.
inf.
-inf.
inf.
-inf.
inf.
-nan.
-inf.
inf.
-inf.
inf.
-inf.
inf.
-inf.
inf.
-inf.
inf.
-inf.
inf.
-inf.
inf.
-inf.
inf.
-inf.
inf.
-inf.
inf.
-inf.
inf.
-inf.
inf.
-inf.
inf.
-inf.
inf.
-inf.
inf.
-nan.
-inf.
inf.
-inf.
inf.
-inf.
inf.
-inf.
inf.
-inf.
inf.
-inf.
inf.
-inf.
inf.
-inf.
inf.
-inf.
inf.
-inf.
inf.
-inf.
inf.
-inf.
inf.
-inf.
inf.
-inf.
inf.
-inf.
inf.
-inf.
inf.
-nan.
-inf.
inf.
-inf.
inf.
-inf.
inf.
-inf.
inf.
-inf.
inf.
-inf.
inf.
-inf.
inf.
-inf.
inf.
-inf.
inf.
-inf.
inf.
-inf.
inf.
-inf.
inf.
-inf.
inf.
-inf.
inf.
-inf.
inf.
-inf.
inf.
-inf.
inf.
-inf.
inf.
-inf.
inf.
-inf.
inf.
-inf.
inf.
-inf.
inf.
-inf.
inf.
-inf.
inf.
-inf.
inf.
-inf.
inf.
-inf.
inf.
-inf.
inf.
-inf.
inf.
-inf.
inf.
-inf.
inf.
-inf.
inf.
-inf.
inf.
-inf.
inf.
-inf.
inf.
-inf.
inf.
-inf.
inf.
-inf.
inf.
-inf.
inf.
-inf.
inf.
-inf.
inf.
-inf.
inf.
-inf.
inf.
-inf.
inf.
-inf.
-nan.
inf.
-inf.
inf.
-inf.
inf.
-inf.
inf.
-inf.
inf.
-inf.
inf.
-inf.
inf.
-inf.
inf.
-inf.
inf.
-inf.
inf.
-inf.
inf.
-inf.
inf.
-inf.
inf.
-inf.
inf.
-inf.
inf.
-nan.
-nan.
inf.
-inf.
inf.
-inf.
inf.
-inf.
inf.
-inf.
inf.
-inf.
inf.
-inf.
inf.
-inf.
inf.
-inf.
inf.
-inf.
inf.
-inf.
inf.
-inf.
inf.
-inf.
inf.
-inf.
inf.
-inf.
inf.
-inf.
inf.
-inf.
inf.
-inf.
inf.
-inf.
inf.
-inf.
inf.
-inf.
inf.
-inf.
inf.
-inf.
inf.
-inf.
inf.
-inf.
inf.
-inf.
inf.
-inf.
inf.
-inf.
inf.
-inf.
inf.
-inf.
inf.
-inf.
inf.
-inf.
inf.
-inf.
inf.
-inf.
inf.
-inf.
inf.
-inf.
inf.
-inf.
inf.
-inf.
inf.
-inf.
inf.
-inf.
inf.
-inf.
inf.
-inf.
inf.
-inf.
inf.
-inf.
inf.
-inf.
inf.
-inf.
inf.
-inf.
inf.
-inf.
inf.
-inf.
inf.
-inf.
inf.
-inf.
inf.
-inf.
inf.
-inf.
inf.
-inf.
inf.
-inf.
inf.
-inf.
inf.
-inf.
inf.
-inf.
inf.
-inf.
inf.
-inf.
inf.
-inf.
inf.
-inf.
inf.
-inf.
inf.
-inf.
inf.
-inf.
inf.
-inf.
inf.
-inf.
inf.
-inf.
inf.
-inf.
inf.
-inf.
inf.
-inf.
inf.
-inf.
inf.
-inf.
inf.
-inf.
inf.
-inf.
inf.
-inf.
inf.
-inf.
inf.
-inf.
inf.
-inf.
inf.
-inf.
inf.
-inf.
inf.
-inf.
inf.
-inf.
inf.
-inf.
inf.
-inf.
inf.
-inf.
inf.
-inf.
inf.
-inf.
inf.
-inf.
inf.
-inf.
inf.
-inf.
inf.
-inf.
inf.
-inf.
inf.
-inf.
inf.
-inf.
inf.
-inf.
inf.
-inf.
inf.
-inf.
inf.
-inf.
inf.
-inf.
inf.
-inf.
inf.
-inf.
inf.
-inf.
inf.
-inf.
inf.
-inf.
inf.
-inf.
inf.
-inf.
inf.
-nan.
-nan.
inf.
-inf.
inf.
-inf.
inf.
-inf.
inf.
-inf.
inf.
-inf.
inf.
-inf.
inf.
-inf.
inf.
-inf.
inf.
-inf.
inf.
-inf.
inf.
-inf.
inf.
-inf.
inf.
-inf.
inf.
-inf.
inf.
-inf.
inf.
-inf.
inf.
-inf.
inf.
-inf.
inf.
-inf.
inf.
-inf.
inf.
-inf.
inf.
-inf.
inf.
-inf.
inf.
-inf.
inf.
-inf.
inf.
-inf.
inf.
-inf.
inf.
-inf.
inf.
-inf.
inf.
-inf.
inf.
-inf.
inf.
-inf.
inf.
-inf.
inf.
-inf.
inf.
-inf.
inf.
-inf.
inf.
-inf.
inf.
-inf.
inf.
-inf.
inf.
-inf.
inf.
-inf.
inf.
The program is finished
************************************************************************************************************************
***             WIDEN YOUR WINDOW TO 120 CHARACTERS.  Use 'enscript -r -fCourier9' to print this document            ***
************************************************************************************************************************

---------------------------------------------- PETSc Performance Summary: ----------------------------------------------

./final.out on a  named r01n21 with 1 processor, by mae-liq1 Mon Jun  6 13:57:32 2022
Using Petsc Release Version 3.16.6, Mar 30, 2022 

                         Max       Max/Min     Avg       Total
Time (sec):           2.640e-01     1.000   2.640e-01
Objects:              7.000e+00     1.000   7.000e+00
Flop:                 1.556e+06     1.000   1.556e+06  1.556e+06
Flop/sec:             5.894e+06     1.000   5.894e+06  5.894e+06
MPI Messages:         0.000e+00     0.000   0.000e+00  0.000e+00
MPI Message Lengths:  0.000e+00     0.000   0.000e+00  0.000e+00
MPI Reductions:       0.000e+00     0.000

Flop counting convention: 1 flop = 1 real number operation of type (multiply/divide/add/subtract)
                            e.g., VecAXPY() for real vectors of length N --> 2N flop
                            and VecAXPY() for complex vectors of length N --> 8N flop

Summary of Stages:   ----- Time ------  ----- Flop ------  --- Messages ---  -- Message Lengths --  -- Reductions --
                        Avg     %Total     Avg     %Total    Count   %Total     Avg         %Total    Count   %Total
 0:      Main Stage: 2.6403e-01 100.0%  1.5561e+06 100.0%  0.000e+00   0.0%  0.000e+00        0.0%  0.000e+00   0.0%

------------------------------------------------------------------------------------------------------------------------
See the 'Profiling' chapter of the users' manual for details on interpreting output.
Phase summary info:
   Count: number of times phase was executed
   Time and Flop: Max - maximum over all processors
                  Ratio - ratio of maximum to minimum over all processors
   Mess: number of messages sent
   AvgLen: average message length (bytes)
   Reduct: number of global reductions
   Global: entire computation
   Stage: stages of a computation. Set stages with PetscLogStagePush() and PetscLogStagePop().
      %T - percent time in this phase         %F - percent flop in this phase
      %M - percent messages in this phase     %L - percent message lengths in this phase
      %R - percent reductions in this phase
   Total Mflop/s: 10e-6 * (sum of flop over all processors)/(max time over all processors)
------------------------------------------------------------------------------------------------------------------------
Event                Count      Time (sec)     Flop                              --- Global ---  --- Stage ----  Total
                   Max Ratio  Max     Ratio   Max  Ratio  Mess   AvgLen  Reduct  %T %F %M %L %R  %T %F %M %L %R Mflop/s
------------------------------------------------------------------------------------------------------------------------

--- Event Stage 0: Main Stage

VecView               19 1.0 3.0447e-02 1.0 0.00e+00 0.0 0.0e+00 0.0e+00 0.0e+00 12  0  0  0  0  12  0  0  0  0     0
VecNorm              173 1.0 1.4400e-04 1.0 3.46e+05 1.0 0.0e+00 0.0e+00 0.0e+00  0 22  0  0  0   0 22  0  0  0  2401
VecCopy              173 1.0 6.6280e-05 1.0 0.00e+00 0.0 0.0e+00 0.0e+00 0.0e+00  0  0  0  0  0   0  0  0  0  0     0
VecSet                 3 1.0 2.6703e-05 1.0 0.00e+00 0.0 0.0e+00 0.0e+00 0.0e+00  0  0  0  0  0   0  0  0  0  0     0
VecAXPY              173 1.0 2.1315e-01 1.0 3.46e+05 1.0 0.0e+00 0.0e+00 0.0e+00 81 22  0  0  0  81 22  0  0  0     2
VecAssemblyBegin       2 1.0 0.0000e+00 0.0 0.00e+00 0.0 0.0e+00 0.0e+00 0.0e+00  0  0  0  0  0   0  0  0  0  0     0
VecAssemblyEnd         2 1.0 0.0000e+00 0.0 0.00e+00 0.0 0.0e+00 0.0e+00 0.0e+00  0  0  0  0  0   0  0  0  0  0     0
MatMult              173 1.0 7.6818e-04 1.0 8.64e+05 1.0 0.0e+00 0.0e+00 0.0e+00  0 56  0  0  0   0 56  0  0  0  1125
MatAssemblyBegin       1 1.0 9.5367e-07 1.0 0.00e+00 0.0 0.0e+00 0.0e+00 0.0e+00  0  0  0  0  0   0  0  0  0  0     0
MatAssemblyEnd         1 1.0 7.5102e-05 1.0 0.00e+00 0.0 0.0e+00 0.0e+00 0.0e+00  0  0  0  0  0   0  0  0  0  0     0
------------------------------------------------------------------------------------------------------------------------

Memory usage is given in bytes:

Object Type          Creations   Destructions     Memory  Descendants' Mem.
Reports information only for process 0.

--- Event Stage 0: Main Stage

              Vector     3              3        28872     0.
              Matrix     1              1        83276     0.
              Viewer     3              2         1648     0.
========================================================================================================================
Average time to get PetscTime(): 1.19209e-07
#PETSc Option Table entries:
-log_view
-n 1000
-restart 0
#End of PETSc Option Table entries
Compiled without FORTRAN kernels
Compiled with full precision matrices (default)
sizeof(short) 2 sizeof(int) 4 sizeof(long) 8 sizeof(void*) 8 sizeof(PetscScalar) 8 sizeof(PetscInt) 4
Configure options: --prefix=/work/mae-liq1/lib/petsc-3.16.6 --with-blaslapack-dir=/share/intel/2018u4/compilers_and_libraries_2018.5.274/linux/mkl --with-debugging=no --download-hypre --download-metis --download-hdf5=/work/mae-liq1/software/hdf5-1.12.1.tar.gz --with-mpi-dir=/share/intel/2018u4/compilers_and_libraries_2018.5.274/linux/mpi/intel64 COPTFLAGS="-O3 -march=native -mtune=native" CXXPTFLAGS="-O3 -march=native -mtune=native" FOPTFLAGS="-O3 -march=native -mtune=native"
-----------------------------------------
Libraries compiled on 2022-05-03 14:18:39 on login03 
Machine characteristics: Linux-3.10.0-862.el7.x86_64-x86_64-with-redhat-7.5-Maipo
Using PETSc directory: /work/mae-liq1/lib/petsc-3.16.6
Using PETSc arch: 
-----------------------------------------

Using C compiler: /share/intel/2018u4/compilers_and_libraries_2018.5.274/linux/mpi/intel64/bin/mpicc  -fPIC -Wall -Wwrite-strings -Wno-strict-aliasing -Wno-unknown-pragmas -fstack-protector -fvisibility=hidden -O3 -march=native -mtune=native  -std=c99 
Using Fortran compiler: /share/intel/2018u4/compilers_and_libraries_2018.5.274/linux/mpi/intel64/bin/mpif90  -fPIC -Wall -ffree-line-length-0 -Wno-unused-dummy-argument -O3 -march=native -mtune=native     -std=c99
-----------------------------------------

Using include paths: -I/work/mae-liq1/lib/petsc-3.16.6/include -I/share/intel/2018u4/compilers_and_libraries_2018.5.274/linux/mkl/include -I/share/intel/2018u4/compilers_and_libraries_2018.5.274/linux/mpi/intel64/include
-----------------------------------------

Using C linker: /share/intel/2018u4/compilers_and_libraries_2018.5.274/linux/mpi/intel64/bin/mpicc
Using Fortran linker: /share/intel/2018u4/compilers_and_libraries_2018.5.274/linux/mpi/intel64/bin/mpif90
Using libraries: -Wl,-rpath,/work/mae-liq1/lib/petsc-3.16.6/lib -L/work/mae-liq1/lib/petsc-3.16.6/lib -lpetsc -Wl,-rpath,/work/mae-liq1/lib/petsc-3.16.6/lib -L/work/mae-liq1/lib/petsc-3.16.6/lib -Wl,-rpath,/share/intel/2018u4/compilers_and_libraries_2018.5.274/linux/mkl/lib/intel64 -L/share/intel/2018u4/compilers_and_libraries_2018.5.274/linux/mkl/lib/intel64 -Wl,-rpath,/share/intel/2018u4/compilers_and_libraries_2018.5.274/linux/mpi/intel64/lib/release_mt -L/share/intel/2018u4/compilers_and_libraries_2018.5.274/linux/mpi/intel64/lib/release_mt -Wl,-rpath,/share/intel/2018u4/compilers_and_libraries_2018.5.274/linux/mpi/intel64/lib -L/share/intel/2018u4/compilers_and_libraries_2018.5.274/linux/mpi/intel64/lib -Wl,-rpath,/usr/lib/gcc/x86_64-redhat-linux/4.8.5 -L/usr/lib/gcc/x86_64-redhat-linux/4.8.5 -Wl,-rpath,/opt/intel/mpi-rt/2017.0.0/intel64/lib/release_mt -Wl,-rpath,/opt/intel/mpi-rt/2017.0.0/intel64/lib -lHYPRE -lmkl_intel_lp64 -lmkl_core -lmkl_sequential -lpthread -lhdf5_hl -lhdf5 -lmetis -lm -lX11 -lstdc++ -ldl -lmpifort -lmpi -lmpigi -lrt -lpthread -lgfortran -lm -lgfortran -lm -lgcc_s -lquadmath -lstdc++ -ldl
-----------------------------------------

