==290792== Memcheck, a memory error detector
==290792== Copyright (C) 2002-2017, and GNU GPL'd, by Julian Seward et al.
==290792== Using Valgrind-3.14.0 and LibVEX; rerun with -h for copyright info
==290792== Command: /share/intel/2018u4/compilers_and_libraries_2018.5.274/linux/mpi/intel64/bin/mpirun -np 1 ./final.out -restart 0 -n 100
==290792== 
==290795== 
==290795== HEAP SUMMARY:
==290795==     in use at exit: 48,464 bytes in 1,160 blocks
==290795==   total heap usage: 1,712 allocs, 552 frees, 83,316 bytes allocated
==290795== 
==290795== LEAK SUMMARY:
==290795==    definitely lost: 0 bytes in 0 blocks
==290795==    indirectly lost: 0 bytes in 0 blocks
==290795==      possibly lost: 0 bytes in 0 blocks
==290795==    still reachable: 48,464 bytes in 1,160 blocks
==290795==         suppressed: 0 bytes in 0 blocks
==290795== Reachable blocks (those to which a pointer was found) are not shown.
==290795== To see them, rerun with: --leak-check=full --show-leak-kinds=all
==290795== 
==290795== For counts of detected and suppressed errors, rerun with: -v
==290795== ERROR SUMMARY: 0 errors from 0 contexts (suppressed: 0 from 0)
n=100,dt=0.000060,dx=0.010000,steps=100000,alpha=-0.600000,beta=2.200000
Do not read u_old from uold.h5 ...
inital u is : 
Vec Object: 1 MPI processes
  type: seq
0.
0.0314108
0.0627905
0.0941083
0.125333
0.156434
0.187381
0.218143
0.24869
0.278991
0.309017
0.338738
0.368125
0.397148
0.425779
0.45399
0.481754
0.509041
0.535827
0.562083
0.587785
0.612907
0.637424
0.661312
0.684547
0.707107
0.728969
0.750111
0.770513
0.790155
0.809017
0.827081
0.844328
0.860742
0.876307
0.891007
0.904827
0.917755
0.929776
0.940881
0.951057
0.960294
0.968583
0.975917
0.982287
0.987688
0.992115
0.995562
0.998027
0.999507
1.
0.999507
0.998027
0.995562
0.992115
0.987688
0.982287
0.975917
0.968583
0.960294
0.951057
0.940881
0.929776
0.917755
0.904827
0.891007
0.876307
0.860742
0.844328
0.827081
0.809017
0.790155
0.770513
0.750111
0.728969
0.707107
0.684547
0.661312
0.637424
0.612907
0.587785
0.562083
0.535827
0.509041
0.481754
0.45399
0.425779
0.397148
0.368125
0.338738
0.309017
0.278991
0.24869
0.218143
0.187381
0.156434
0.125333
0.0941083
0.0627905
0.
exact solution is : 
Vec Object: 1 MPI processes
  type: seq
0.
0.00318258
0.00636201
0.00953517
0.0126989
0.0158501
0.0189857
0.0221025
0.0251976
0.0282677
0.03131
0.0343213
0.0372988
0.0402395
0.0431405
0.0459989
0.0488119
0.0515767
0.0542906
0.056951
0.0595551
0.0621005
0.0645846
0.0670049
0.0693591
0.0716449
0.07386
0.0760021
0.0780693
0.0800594
0.0819706
0.0838008
0.0855483
0.0872114
0.0887884
0.0902778
0.0916781
0.092988
0.0942061
0.0953312
0.0963622
0.0972981
0.098138
0.098881
0.0995265
0.100074
0.100522
0.100872
0.101121
0.101271
0.101321
0.101271
0.101121
0.100872
0.100522
0.100074
0.0995265
0.098881
0.098138
0.0972981
0.0963622
0.0953312
0.0942061
0.092988
0.0916781
0.0902778
0.0887884
0.0872114
0.0855483
0.0838008
0.0819706
0.0800594
0.0780693
0.0760021
0.07386
0.0716449
0.0693591
0.0670049
0.0645846
0.0621005
0.0595551
0.056951
0.0542906
0.0515767
0.0488119
0.0459989
0.0431405
0.0402395
0.0372988
0.0343213
0.03131
0.0282677
0.0251976
0.0221025
0.0189857
0.0158501
0.0126989
0.00953517
0.00636201
0.00318258
It's implicit scheme
step=100000
---------------------
numerical result u is : 
Vec Object: 1 MPI processes
  type: seq
0.00315132
0.00630264
0.0094508
0.0125926
0.015725
0.0188449
0.0219492
0.0250347
0.0280984
0.0311373
0.0341482
0.0371283
0.0400744
0.0429838
0.0458535
0.0486806
0.0514623
0.0541958
0.0568785
0.0595075
0.0620804
0.0645944
0.0670472
0.0694363
0.0717592
0.0740136
0.0761974
0.0783083
0.0803441
0.0823029
0.0841827
0.0859816
0.0876978
0.0893295
0.0908752
0.0923332
0.0937022
0.0949807
0.0961674
0.0972611
0.0982607
0.0991652
0.0999737
0.100685
0.101299
0.101815
0.102232
0.10255
0.102768
0.102887
0.102905
0.102824
0.102642
0.102361
0.10198
0.1015
0.100922
0.100245
0.09947
0.0985985
0.097631
0.0965684
0.0954117
0.094162
0.0928206
0.0913887
0.0898676
0.088259
0.0865642
0.0847851
0.0829232
0.0809804
0.0789586
0.0768597
0.0746859
0.0724391
0.0701216
0.0677357
0.0652836
0.0627678
0.0601907
0.0575548
0.0548627
0.052117
0.0493204
0.0464757
0.0435855
0.0406528
0.0376803
0.0346711
0.0316279
0.0285539
0.0254519
0.0223251
0.0191765
0.0160091
0.0128261
0.00963057
0.00642561
0.00321438
The program is finished
==290848== 
==290848== HEAP SUMMARY:
==290848==     in use at exit: 50,820 bytes in 1,254 blocks
==290848==   total heap usage: 3,573 allocs, 2,319 frees, 134,804 bytes allocated
==290848== 
==290848== 10 bytes in 1 blocks are definitely lost in loss record 88 of 319
==290848==    at 0x4C29E33: malloc (vg_replace_malloc.c:299)
==290848==    by 0x46A50A: xmalloc (in /usr/bin/bash)
==290848==    by 0x430798: ??? (in /usr/bin/bash)
==290848==    by 0x4322E2: execute_command_internal (in /usr/bin/bash)
==290848==    by 0x435440: ??? (in /usr/bin/bash)
==290848==    by 0x4332AE: execute_command_internal (in /usr/bin/bash)
==290848==    by 0x433CCD: execute_command (in /usr/bin/bash)
==290848==    by 0x41E304: reader_loop (in /usr/bin/bash)
==290848==    by 0x41C96D: main (in /usr/bin/bash)
==290848== 
==290848== LEAK SUMMARY:
==290848==    definitely lost: 10 bytes in 1 blocks
==290848==    indirectly lost: 0 bytes in 0 blocks
==290848==      possibly lost: 0 bytes in 0 blocks
==290848==    still reachable: 50,810 bytes in 1,253 blocks
==290848==         suppressed: 0 bytes in 0 blocks
==290848== Reachable blocks (those to which a pointer was found) are not shown.
==290848== To see them, rerun with: --leak-check=full --show-leak-kinds=all
==290848== 
==290848== For counts of detected and suppressed errors, rerun with: -v
==290848== ERROR SUMMARY: 1 errors from 1 contexts (suppressed: 0 from 0)
==290792== 
==290792== HEAP SUMMARY:
==290792==     in use at exit: 54,235 bytes in 1,233 blocks
==290792==   total heap usage: 3,790 allocs, 2,557 frees, 140,590 bytes allocated
==290792== 
==290792== LEAK SUMMARY:
==290792==    definitely lost: 0 bytes in 0 blocks
==290792==    indirectly lost: 0 bytes in 0 blocks
==290792==      possibly lost: 0 bytes in 0 blocks
==290792==    still reachable: 54,235 bytes in 1,233 blocks
==290792==         suppressed: 0 bytes in 0 blocks
==290792== Reachable blocks (those to which a pointer was found) are not shown.
==290792== To see them, rerun with: --leak-check=full --show-leak-kinds=all
==290792== 
==290792== For counts of detected and suppressed errors, rerun with: -v
==290792== ERROR SUMMARY: 0 errors from 0 contexts (suppressed: 0 from 0)
