n=128,dt=0.000020,dx=0.007812,steps=100000,alpha=-0.327680,beta=1.655360
Do not read u_old from uold.h5 ...
inital u is : 
Vec Object: 1 MPI processes
  type: seq
0.
0.0245412
0.0490677
0.0735646
0.0980171
0.122411
0.14673
0.170962
0.19509
0.219101
0.24298
0.266713
0.290285
0.313682
0.33689
0.359895
0.382683
0.405241
0.427555
0.449611
0.471397
0.492898
0.514103
0.534998
0.55557
0.575808
0.595699
0.615232
0.634393
0.653173
0.671559
0.689541
0.707107
0.724247
0.740951
0.757209
0.77301
0.788346
0.803208
0.817585
0.83147
0.844854
0.857729
0.870087
0.881921
0.893224
0.903989
0.91421
0.92388
0.932993
0.941544
0.949528
0.95694
0.963776
0.970031
0.975702
0.980785
0.985278
0.989177
0.99248
0.995185
0.99729
0.998795
0.999699
1.
0.999699
0.998795
0.99729
0.995185
0.99248
0.989177
0.985278
0.980785
0.975702
0.970031
0.963776
0.95694
0.949528
0.941544
0.932993
0.92388
0.91421
0.903989
0.893224
0.881921
0.870087
0.857729
0.844854
0.83147
0.817585
0.803208
0.788346
0.77301
0.757209
0.740951
0.724247
0.707107
0.689541
0.671559
0.653173
0.634393
0.615232
0.595699
0.575808
0.55557
0.534998
0.514103
0.492898
0.471397
0.449611
0.427555
0.405241
0.382683
0.359895
0.33689
0.313682
0.290285
0.266713
0.24298
0.219101
0.19509
0.170962
0.14673
0.122411
0.0980171
0.0735646
0.0490677
0.
exact solution is : 
Vec Object: 1 MPI processes
  type: seq
0.
0.00248655
0.00497159
0.00745365
0.00993121
0.0124028
0.0148669
0.0173221
0.0197668
0.0221996
0.024619
0.0270237
0.029412
0.0317826
0.0341341
0.036465
0.0387739
0.0410595
0.0433204
0.0455552
0.0477625
0.049941
0.0520895
0.0542066
0.056291
0.0583416
0.060357
0.062336
0.0642775
0.0661802
0.0680431
0.0698651
0.0716449
0.0733816
0.075074
0.0767213
0.0783223
0.0798762
0.0813819
0.0828387
0.0842455
0.0856016
0.0869061
0.0881582
0.0893573
0.0905025
0.0915933
0.0926288
0.0936086
0.0945319
0.0953984
0.0962073
0.0969583
0.0976509
0.0982847
0.0988593
0.0993743
0.0998295
0.100225
0.100559
0.100833
0.101047
0.101199
0.101291
0.101321
0.101291
0.101199
0.101047
0.100833
0.100559
0.100225
0.0998295
0.0993743
0.0988593
0.0982847
0.0976509
0.0969583
0.0962073
0.0953984
0.0945319
0.0936086
0.0926288
0.0915933
0.0905025
0.0893573
0.0881582
0.0869061
0.0856016
0.0842455
0.0828387
0.0813819
0.0798762
0.0783223
0.0767213
0.075074
0.0733816
0.0716449
0.0698651
0.0680431
0.0661802
0.0642775
0.062336
0.060357
0.0583416
0.056291
0.0542066
0.0520895
0.049941
0.0477625
0.0455552
0.0433204
0.0410595
0.0387739
0.036465
0.0341341
0.0317826
0.029412
0.0270237
0.024619
0.0221996
0.0197668
0.0173221
0.0148669
0.0124028
0.00993121
0.00745365
0.00497159
0.00248655
It's implicit scheme
step=100000
---------------------
numerical result u is : 
Vec Object: 1 MPI processes
  type: seq
0.00246738
0.0049347
0.00740041
0.00986317
0.0123214
0.0147737
0.0172186
0.0196545
0.0220799
0.0244935
0.0268937
0.0292791
0.0316482
0.0339996
0.0363318
0.0386435
0.0409333
0.0431997
0.0454413
0.0476569
0.0498451
0.0520044
0.0541337
0.0562317
0.0582969
0.0603283
0.0623245
0.0642844
0.0662067
0.0680903
0.0699341
0.0717368
0.0734975
0.0752151
0.0768884
0.0785165
0.0800984
0.0816331
0.0831197
0.0845572
0.0859449
0.0872818
0.0885672
0.0898002
0.0909801
0.0921062
0.0931778
0.0941941
0.0951547
0.0960589
0.0969062
0.097696
0.0984278
0.0991012
0.0997158
0.100271
0.100767
0.101203
0.101579
0.101894
0.102149
0.102343
0.102477
0.102549
0.10256
0.102511
0.1024
0.102228
0.101995
0.101702
0.101348
0.100934
0.10046
0.0999252
0.0993314
0.0986783
0.0979664
0.0971962
0.0963679
0.0954822
0.0945395
0.0935405
0.0924856
0.0913756
0.090211
0.0889926
0.0877211
0.0863973
0.0850219
0.0835957
0.0821197
0.0805946
0.0790213
0.0774009
0.0757343
0.0740225
0.0722664
0.0704672
0.0686259
0.0667436
0.0648215
0.0628606
0.0608622
0.0588274
0.0567574
0.0546536
0.0525171
0.0503492
0.0481512
0.0459245
0.0436703
0.04139
0.039085
0.0367566
0.0344063
0.0320354
0.0296453
0.0272376
0.0248135
0.0223746
0.0199224
0.0174582
0.0149836
0.0125
0.010009
0.00751199
0.00501049
0.00250599
The program is finished
************************************************************************************************************************
***             WIDEN YOUR WINDOW TO 120 CHARACTERS.  Use 'enscript -r -fCourier9' to print this document            ***
************************************************************************************************************************

---------------------------------------------- PETSc Performance Summary: ----------------------------------------------

./final.out on a  named r01n15 with 1 processor, by mae-liq1 Wed Jun  8 17:05:41 2022
Using Petsc Release Version 3.16.6, Mar 30, 2022 

                         Max       Max/Min     Avg       Total
Time (sec):           2.852e+01     1.000   2.852e+01
Objects:              3.100e+01     1.000   3.100e+01
Flop:                 8.217e+08     1.000   8.217e+08  8.217e+08
Flop/sec:             2.881e+07     1.000   2.881e+07  2.881e+07
MPI Messages:         0.000e+00     0.000   0.000e+00  0.000e+00
MPI Message Lengths:  0.000e+00     0.000   0.000e+00  0.000e+00
MPI Reductions:       0.000e+00     0.000

Flop counting convention: 1 flop = 1 real number operation of type (multiply/divide/add/subtract)
                            e.g., VecAXPY() for real vectors of length N --> 2N flop
                            and VecAXPY() for complex vectors of length N --> 8N flop

Summary of Stages:   ----- Time ------  ----- Flop ------  --- Messages ---  -- Message Lengths --  -- Reductions --
                        Avg     %Total     Avg     %Total    Count   %Total     Avg         %Total    Count   %Total
 0:      Main Stage: 2.8522e+01 100.0%  8.2165e+08 100.0%  0.000e+00   0.0%  0.000e+00        0.0%  0.000e+00   0.0%

------------------------------------------------------------------------------------------------------------------------
See the 'Profiling' chapter of the users' manual for details on interpreting output.
Phase summary info:
   Count: number of times phase was executed
   Time and Flop: Max - maximum over all processors
                  Ratio - ratio of maximum to minimum over all processors
   Mess: number of messages sent
   AvgLen: average message length (bytes)
   Reduct: number of global reductions
   Global: entire computation
   Stage: stages of a computation. Set stages with PetscLogStagePush() and PetscLogStagePop().
      %T - percent time in this phase         %F - percent flop in this phase
      %M - percent messages in this phase     %L - percent message lengths in this phase
      %R - percent reductions in this phase
   Total Mflop/s: 10e-6 * (sum of flop over all processors)/(max time over all processors)
------------------------------------------------------------------------------------------------------------------------
Event                Count      Time (sec)     Flop                              --- Global ---  --- Stage ----  Total
                   Max Ratio  Max     Ratio   Max  Ratio  Mess   AvgLen  Reduct  %T %F %M %L %R  %T %F %M %L %R Mflop/s
------------------------------------------------------------------------------------------------------------------------

--- Event Stage 0: Main Stage

VecView            10002 1.0 2.7417e+01 1.0 0.00e+00 0.0 0.0e+00 0.0e+00 0.0e+00 96  0  0  0  0  96  0  0  0  0     0
VecMDot           288519 1.0 5.3958e-02 1.0 1.44e+08 1.0 0.0e+00 0.0e+00 0.0e+00  0 18  0  0  0   0 18  0  0  0  2673
VecNorm           488517 1.0 6.7223e-02 1.0 1.25e+08 1.0 0.0e+00 0.0e+00 0.0e+00  0 15  0  0  0   0 15  0  0  0  1853
VecScale          388518 1.0 5.6252e-02 1.0 4.97e+07 1.0 0.0e+00 0.0e+00 0.0e+00  0  6  0  0  0   0  6  0  0  0   884
VecCopy           199998 1.0 2.4278e-02 1.0 0.00e+00 0.0 0.0e+00 0.0e+00 0.0e+00  0  0  0  0  0   0  0  0  0  0     0
VecSet            200018 1.0 2.5234e-02 1.0 0.00e+00 0.0 0.0e+00 0.0e+00 0.0e+00  0  0  0  0  0   0  0  0  0  0     0
VecAXPY           199998 1.0 3.6261e-02 1.0 5.12e+07 1.0 0.0e+00 0.0e+00 0.0e+00  0  6  0  0  0   0  6  0  0  0  1412
VecMAXPY          388518 1.0 7.5301e-02 1.0 2.19e+08 1.0 0.0e+00 0.0e+00 0.0e+00  0 27  0  0  0   0 27  0  0  0  2904
VecAssemblyBegin       3 1.0 0.0000e+00 0.0 0.00e+00 0.0 0.0e+00 0.0e+00 0.0e+00  0  0  0  0  0   0  0  0  0  0     0
VecAssemblyEnd         3 1.0 0.0000e+00 0.0 0.00e+00 0.0 0.0e+00 0.0e+00 0.0e+00  0  0  0  0  0   0  0  0  0  0     0
VecPointwiseMult  388518 1.0 5.7426e-02 1.0 4.97e+07 1.0 0.0e+00 0.0e+00 0.0e+00  0  6  0  0  0   0  6  0  0  0   866
VecNormalize      388518 1.0 1.9438e-01 1.0 1.49e+08 1.0 0.0e+00 0.0e+00 0.0e+00  1 18  0  0  0   1 18  0  0  0   766
MatMult           288519 1.0 1.6198e-01 1.0 1.83e+08 1.0 0.0e+00 0.0e+00 0.0e+00  1 22  0  0  0   1 22  0  0  0  1133
MatAssemblyBegin       1 1.0 0.0000e+00 0.0 0.00e+00 0.0 0.0e+00 0.0e+00 0.0e+00  0  0  0  0  0   0  0  0  0  0     0
MatAssemblyEnd         1 1.0 4.7922e-05 1.0 0.00e+00 0.0 0.0e+00 0.0e+00 0.0e+00  0  0  0  0  0   0  0  0  0  0     0
KSPSetUp               1 1.0 5.4121e-05 1.0 0.00e+00 0.0 0.0e+00 0.0e+00 0.0e+00  0  0  0  0  0   0  0  0  0  0     0
KSPSolve           99999 1.0 9.9540e-01 1.0 7.71e+08 1.0 0.0e+00 0.0e+00 0.0e+00  3 94  0  0  0   3 94  0  0  0   774
KSPGMRESOrthog    288519 1.0 1.8452e-01 1.0 2.89e+08 1.0 0.0e+00 0.0e+00 0.0e+00  1 35  0  0  0   1 35  0  0  0  1567
PCSetUp                1 1.0 2.1458e-06 1.0 0.00e+00 0.0 0.0e+00 0.0e+00 0.0e+00  0  0  0  0  0   0  0  0  0  0     0
PCApply           388518 1.0 1.1233e-01 1.0 4.97e+07 1.0 0.0e+00 0.0e+00 0.0e+00  0  6  0  0  0   0  6  0  0  0   443
------------------------------------------------------------------------------------------------------------------------

Memory usage is given in bytes:

Object Type          Creations   Destructions     Memory  Descendants' Mem.
Reports information only for process 0.

--- Event Stage 0: Main Stage

              Vector    20             19        50312     0.
              Matrix     1              1        13516     0.
              Viewer     3              2         1648     0.
       Krylov Solver     1              1        18848     0.
      Preconditioner     1              1          872     0.
    Distributed Mesh     1              1         5048     0.
   Star Forest Graph     2              2         2112     0.
     Discrete System     1              1          896     0.
           Weak Form     1              1          616     0.
========================================================================================================================
Average time to get PetscTime(): 1.19209e-07
#PETSc Option Table entries:
-log_view
-n 128
-restart 0
#End of PETSc Option Table entries
Compiled without FORTRAN kernels
Compiled with full precision matrices (default)
sizeof(short) 2 sizeof(int) 4 sizeof(long) 8 sizeof(void*) 8 sizeof(PetscScalar) 8 sizeof(PetscInt) 4
Configure options: --prefix=/work/mae-liq1/lib/petsc-3.16.6 --with-blaslapack-dir=/share/intel/2018u4/compilers_and_libraries_2018.5.274/linux/mkl --with-debugging=no --download-hypre --download-metis --download-hdf5=/work/mae-liq1/software/hdf5-1.12.1.tar.gz --with-mpi-dir=/share/intel/2018u4/compilers_and_libraries_2018.5.274/linux/mpi/intel64 COPTFLAGS="-O3 -march=native -mtune=native" CXXPTFLAGS="-O3 -march=native -mtune=native" FOPTFLAGS="-O3 -march=native -mtune=native"
-----------------------------------------
Libraries compiled on 2022-05-03 14:18:39 on login03 
Machine characteristics: Linux-3.10.0-862.el7.x86_64-x86_64-with-redhat-7.5-Maipo
Using PETSc directory: /work/mae-liq1/lib/petsc-3.16.6
Using PETSc arch: 
-----------------------------------------

Using C compiler: /share/intel/2018u4/compilers_and_libraries_2018.5.274/linux/mpi/intel64/bin/mpicc  -fPIC -Wall -Wwrite-strings -Wno-strict-aliasing -Wno-unknown-pragmas -fstack-protector -fvisibility=hidden -O3 -march=native -mtune=native  -std=c99 
Using Fortran compiler: /share/intel/2018u4/compilers_and_libraries_2018.5.274/linux/mpi/intel64/bin/mpif90  -fPIC -Wall -ffree-line-length-0 -Wno-unused-dummy-argument -O3 -march=native -mtune=native     -std=c99
-----------------------------------------

Using include paths: -I/work/mae-liq1/lib/petsc-3.16.6/include -I/share/intel/2018u4/compilers_and_libraries_2018.5.274/linux/mkl/include -I/share/intel/2018u4/compilers_and_libraries_2018.5.274/linux/mpi/intel64/include
-----------------------------------------

Using C linker: /share/intel/2018u4/compilers_and_libraries_2018.5.274/linux/mpi/intel64/bin/mpicc
Using Fortran linker: /share/intel/2018u4/compilers_and_libraries_2018.5.274/linux/mpi/intel64/bin/mpif90
Using libraries: -Wl,-rpath,/work/mae-liq1/lib/petsc-3.16.6/lib -L/work/mae-liq1/lib/petsc-3.16.6/lib -lpetsc -Wl,-rpath,/work/mae-liq1/lib/petsc-3.16.6/lib -L/work/mae-liq1/lib/petsc-3.16.6/lib -Wl,-rpath,/share/intel/2018u4/compilers_and_libraries_2018.5.274/linux/mkl/lib/intel64 -L/share/intel/2018u4/compilers_and_libraries_2018.5.274/linux/mkl/lib/intel64 -Wl,-rpath,/share/intel/2018u4/compilers_and_libraries_2018.5.274/linux/mpi/intel64/lib/release_mt -L/share/intel/2018u4/compilers_and_libraries_2018.5.274/linux/mpi/intel64/lib/release_mt -Wl,-rpath,/share/intel/2018u4/compilers_and_libraries_2018.5.274/linux/mpi/intel64/lib -L/share/intel/2018u4/compilers_and_libraries_2018.5.274/linux/mpi/intel64/lib -Wl,-rpath,/usr/lib/gcc/x86_64-redhat-linux/4.8.5 -L/usr/lib/gcc/x86_64-redhat-linux/4.8.5 -Wl,-rpath,/opt/intel/mpi-rt/2017.0.0/intel64/lib/release_mt -Wl,-rpath,/opt/intel/mpi-rt/2017.0.0/intel64/lib -lHYPRE -lmkl_intel_lp64 -lmkl_core -lmkl_sequential -lpthread -lhdf5_hl -lhdf5 -lmetis -lm -lX11 -lstdc++ -ldl -lmpifort -lmpi -lmpigi -lrt -lpthread -lgfortran -lm -lgfortran -lm -lgcc_s -lquadmath -lstdc++ -ldl
-----------------------------------------

