n=512,dt=0.000020,dx=0.001953,steps=100000,alpha=-5.242880,beta=11.485760
Do not read u_old from uold.h5 ...
inital u is : 
Vec Object: 1 MPI processes
  type: seq
0.
0.00613588
0.0122715
0.0184067
0.0245412
0.0306748
0.0368072
0.0429383
0.0490677
0.0551952
0.0613207
0.0674439
0.0735646
0.0796824
0.0857973
0.091909
0.0980171
0.104122
0.110222
0.116319
0.122411
0.128498
0.134581
0.140658
0.14673
0.152797
0.158858
0.164913
0.170962
0.177004
0.18304
0.189069
0.19509
0.201105
0.207111
0.21311
0.219101
0.225084
0.231058
0.237024
0.24298
0.248928
0.254866
0.260794
0.266713
0.272621
0.27852
0.284408
0.290285
0.296151
0.302006
0.30785
0.313682
0.319502
0.32531
0.331106
0.33689
0.342661
0.348419
0.354164
0.359895
0.365613
0.371317
0.377007
0.382683
0.388345
0.393992
0.399624
0.405241
0.410843
0.41643
0.422
0.427555
0.433094
0.438616
0.444122
0.449611
0.455084
0.460539
0.465976
0.471397
0.476799
0.482184
0.48755
0.492898
0.498228
0.503538
0.50883
0.514103
0.519356
0.52459
0.529804
0.534998
0.540171
0.545325
0.550458
0.55557
0.560662
0.565732
0.570781
0.575808
0.580814
0.585798
0.59076
0.595699
0.600616
0.605511
0.610383
0.615232
0.620057
0.624859
0.629638
0.634393
0.639124
0.643832
0.648514
0.653173
0.657807
0.662416
0.667
0.671559
0.676093
0.680601
0.685084
0.689541
0.693971
0.698376
0.702755
0.707107
0.711432
0.715731
0.720003
0.724247
0.728464
0.732654
0.736817
0.740951
0.745058
0.749136
0.753187
0.757209
0.761202
0.765167
0.769103
0.77301
0.776888
0.780737
0.784557
0.788346
0.792107
0.795837
0.799537
0.803208
0.806848
0.810457
0.814036
0.817585
0.821103
0.824589
0.828045
0.83147
0.834863
0.838225
0.841555
0.844854
0.84812
0.851355
0.854558
0.857729
0.860867
0.863973
0.867046
0.870087
0.873095
0.87607
0.879012
0.881921
0.884797
0.88764
0.890449
0.893224
0.895966
0.898674
0.901349
0.903989
0.906596
0.909168
0.911706
0.91421
0.916679
0.919114
0.921514
0.92388
0.92621
0.928506
0.930767
0.932993
0.935184
0.937339
0.939459
0.941544
0.943593
0.945607
0.947586
0.949528
0.951435
0.953306
0.955141
0.95694
0.958703
0.960431
0.962121
0.963776
0.965394
0.966976
0.968522
0.970031
0.971504
0.97294
0.974339
0.975702
0.977028
0.978317
0.97957
0.980785
0.981964
0.983105
0.98421
0.985278
0.986308
0.987301
0.988258
0.989177
0.990058
0.990903
0.99171
0.99248
0.993212
0.993907
0.994565
0.995185
0.995767
0.996313
0.99682
0.99729
0.997723
0.998118
0.998476
0.998795
0.999078
0.999322
0.999529
0.999699
0.999831
0.999925
0.999981
1.
0.999981
0.999925
0.999831
0.999699
0.999529
0.999322
0.999078
0.998795
0.998476
0.998118
0.997723
0.99729
0.99682
0.996313
0.995767
0.995185
0.994565
0.993907
0.993212
0.99248
0.99171
0.990903
0.990058
0.989177
0.988258
0.987301
0.986308
0.985278
0.98421
0.983105
0.981964
0.980785
0.97957
0.978317
0.977028
0.975702
0.974339
0.97294
0.971504
0.970031
0.968522
0.966976
0.965394
0.963776
0.962121
0.960431
0.958703
0.95694
0.955141
0.953306
0.951435
0.949528
0.947586
0.945607
0.943593
0.941544
0.939459
0.937339
0.935184
0.932993
0.930767
0.928506
0.92621
0.92388
0.921514
0.919114
0.916679
0.91421
0.911706
0.909168
0.906596
0.903989
0.901349
0.898674
0.895966
0.893224
0.890449
0.88764
0.884797
0.881921
0.879012
0.87607
0.873095
0.870087
0.867046
0.863973
0.860867
0.857729
0.854558
0.851355
0.84812
0.844854
0.841555
0.838225
0.834863
0.83147
0.828045
0.824589
0.821103
0.817585
0.814036
0.810457
0.806848
0.803208
0.799537
0.795837
0.792107
0.788346
0.784557
0.780737
0.776888
0.77301
0.769103
0.765167
0.761202
0.757209
0.753187
0.749136
0.745058
0.740951
0.736817
0.732654
0.728464
0.724247
0.720003
0.715731
0.711432
0.707107
0.702755
0.698376
0.693971
0.689541
0.685084
0.680601
0.676093
0.671559
0.667
0.662416
0.657807
0.653173
0.648514
0.643832
0.639124
0.634393
0.629638
0.624859
0.620057
0.615232
0.610383
0.605511
0.600616
0.595699
0.59076
0.585798
0.580814
0.575808
0.570781
0.565732
0.560662
0.55557
0.550458
0.545325
0.540171
0.534998
0.529804
0.52459
0.519356
0.514103
0.50883
0.503538
0.498228
0.492898
0.48755
0.482184
0.476799
0.471397
0.465976
0.460539
0.455084
0.449611
0.444122
0.438616
0.433094
0.427555
0.422
0.41643
0.410843
0.405241
0.399624
0.393992
0.388345
0.382683
0.377007
0.371317
0.365613
0.359895
0.354164
0.348419
0.342661
0.33689
0.331106
0.32531
0.319502
0.313682
0.30785
0.302006
0.296151
0.290285
0.284408
0.27852
0.272621
0.266713
0.260794
0.254866
0.248928
0.24298
0.237024
0.231058
0.225084
0.219101
0.21311
0.207111
0.201105
0.19509
0.189069
0.18304
0.177004
0.170962
0.164913
0.158858
0.152797
0.14673
0.140658
0.134581
0.128498
0.122411
0.116319
0.110222
0.104122
0.0980171
0.091909
0.0857973
0.0796824
0.0735646
0.0674439
0.0613207
0.0551952
0.0490677
0.0429383
0.0368072
0.0306748
0.0245412
0.0184067
0.0122715
0.
exact solution is : 
Vec Object: 1 MPI processes
  type: seq
0.
0.000621695
0.00124337
0.00186499
0.00248655
0.00310801
0.00372935
0.00435056
0.00497159
0.00559245
0.00621309
0.0068335
0.00745365
0.00807352
0.00869309
0.00931232
0.00993121
0.0105497
0.0111678
0.0117855
0.0124028
0.0130196
0.0136359
0.0142517
0.0148669
0.0154816
0.0160957
0.0167092
0.0173221
0.0179343
0.0185458
0.0191567
0.0197668
0.0203762
0.0209848
0.0215926
0.0221996
0.0228058
0.0234111
0.0240155
0.024619
0.0252216
0.0258233
0.026424
0.0270237
0.0276223
0.0282199
0.0288165
0.029412
0.0300064
0.0305996
0.0311917
0.0317826
0.0323723
0.0329608
0.0335481
0.0341341
0.0347188
0.0353022
0.0358843
0.036465
0.0370443
0.0376223
0.0381988
0.0387739
0.0393476
0.0399197
0.0404904
0.0410595
0.0416271
0.0421931
0.0427576
0.0433204
0.0438816
0.0444411
0.044999
0.0455552
0.0461096
0.0466623
0.0472133
0.0477625
0.0483099
0.0488554
0.0493992
0.049941
0.050481
0.0510191
0.0515553
0.0520895
0.0526218
0.053152
0.0536803
0.0542066
0.0547308
0.055253
0.0557731
0.056291
0.0568069
0.0573206
0.0578322
0.0583416
0.0588488
0.0593537
0.0598565
0.060357
0.0608552
0.0613511
0.0618447
0.062336
0.0628249
0.0633115
0.0637957
0.0642775
0.0647568
0.0652338
0.0657082
0.0661802
0.0666498
0.0671168
0.0675812
0.0680431
0.0685025
0.0689593
0.0694135
0.0698651
0.070314
0.0707603
0.0712039
0.0716449
0.0720832
0.0725187
0.0729515
0.0733816
0.0738089
0.0742334
0.0746551
0.075074
0.0754901
0.0759034
0.0763138
0.0767213
0.0771259
0.0775277
0.0779265
0.0783223
0.0787153
0.0791052
0.0794922
0.0798762
0.0802572
0.0806351
0.0810101
0.0813819
0.0817507
0.0821165
0.0824791
0.0828387
0.0831951
0.0835484
0.0838985
0.0842455
0.0845893
0.0849299
0.0852673
0.0856016
0.0859326
0.0862603
0.0865848
0.0869061
0.0872241
0.0875388
0.0878502
0.0881582
0.088463
0.0887645
0.0890626
0.0893573
0.0896487
0.0899367
0.0902213
0.0905025
0.0907804
0.0910548
0.0913257
0.0915933
0.0918573
0.092118
0.0923751
0.0926288
0.092879
0.0931257
0.0933689
0.0936086
0.0938447
0.0940773
0.0943064
0.0945319
0.0947539
0.0949723
0.0951871
0.0953984
0.095606
0.0958101
0.0960105
0.0962073
0.0964005
0.0965901
0.096776
0.0969583
0.097137
0.097312
0.0974833
0.0976509
0.0978149
0.0979752
0.0981318
0.0982847
0.0984339
0.0985794
0.0987212
0.0988593
0.0989936
0.0991243
0.0992512
0.0993743
0.0994937
0.0996094
0.0997213
0.0998295
0.0999339
0.100035
0.100131
0.100225
0.100314
0.100399
0.100481
0.100559
0.100633
0.100704
0.10077
0.100833
0.100892
0.100948
0.100999
0.101047
0.10109
0.101131
0.101167
0.101199
0.101228
0.101253
0.101274
0.101291
0.101304
0.101314
0.101319
0.101321
0.101319
0.101314
0.101304
0.101291
0.101274
0.101253
0.101228
0.101199
0.101167
0.101131
0.10109
0.101047
0.100999
0.100948
0.100892
0.100833
0.10077
0.100704
0.100633
0.100559
0.100481
0.100399
0.100314
0.100225
0.100131
0.100035
0.0999339
0.0998295
0.0997213
0.0996094
0.0994937
0.0993743
0.0992512
0.0991243
0.0989936
0.0988593
0.0987212
0.0985794
0.0984339
0.0982847
0.0981318
0.0979752
0.0978149
0.0976509
0.0974833
0.097312
0.097137
0.0969583
0.096776
0.0965901
0.0964005
0.0962073
0.0960105
0.0958101
0.095606
0.0953984
0.0951871
0.0949723
0.0947539
0.0945319
0.0943064
0.0940773
0.0938447
0.0936086
0.0933689
0.0931257
0.092879
0.0926288
0.0923751
0.092118
0.0918573
0.0915933
0.0913257
0.0910548
0.0907804
0.0905025
0.0902213
0.0899367
0.0896487
0.0893573
0.0890626
0.0887645
0.088463
0.0881582
0.0878502
0.0875388
0.0872241
0.0869061
0.0865848
0.0862603
0.0859326
0.0856016
0.0852673
0.0849299
0.0845893
0.0842455
0.0838985
0.0835484
0.0831951
0.0828387
0.0824791
0.0821165
0.0817507
0.0813819
0.0810101
0.0806351
0.0802572
0.0798762
0.0794922
0.0791052
0.0787153
0.0783223
0.0779265
0.0775277
0.0771259
0.0767213
0.0763138
0.0759034
0.0754901
0.075074
0.0746551
0.0742334
0.0738089
0.0733816
0.0729515
0.0725187
0.0720832
0.0716449
0.0712039
0.0707603
0.070314
0.0698651
0.0694135
0.0689593
0.0685025
0.0680431
0.0675812
0.0671168
0.0666498
0.0661802
0.0657082
0.0652338
0.0647568
0.0642775
0.0637957
0.0633115
0.0628249
0.062336
0.0618447
0.0613511
0.0608552
0.060357
0.0598565
0.0593537
0.0588488
0.0583416
0.0578322
0.0573206
0.0568069
0.056291
0.0557731
0.055253
0.0547308
0.0542066
0.0536803
0.053152
0.0526218
0.0520895
0.0515553
0.0510191
0.050481
0.049941
0.0493992
0.0488554
0.0483099
0.0477625
0.0472133
0.0466623
0.0461096
0.0455552
0.044999
0.0444411
0.0438816
0.0433204
0.0427576
0.0421931
0.0416271
0.0410595
0.0404904
0.0399197
0.0393476
0.0387739
0.0381988
0.0376223
0.0370443
0.036465
0.0358843
0.0353022
0.0347188
0.0341341
0.0335481
0.0329608
0.0323723
0.0317826
0.0311917
0.0305996
0.0300064
0.029412
0.0288165
0.0282199
0.0276223
0.0270237
0.026424
0.0258233
0.0252216
0.024619
0.0240155
0.0234111
0.0228058
0.0221996
0.0215926
0.0209848
0.0203762
0.0197668
0.0191567
0.0185458
0.0179343
0.0173221
0.0167092
0.0160957
0.0154816
0.0148669
0.0142517
0.0136359
0.0130196
0.0124028
0.0117855
0.0111678
0.0105497
0.00993121
0.00931232
0.00869309
0.00807352
0.00745365
0.0068335
0.00621309
0.00559245
0.00497159
0.00435056
0.00372935
0.00310801
0.00248655
0.00186499
0.00124337
0.000621695
It's implicit scheme
step=100000
---------------------
numerical result u is : 
Vec Object: 1 MPI processes
  type: seq
0.000620445
0.00124088
0.00186129
0.00248163
0.0031019
0.00372207
0.00434213
0.00496206
0.00558182
0.00620139
0.00682076
0.00743989
0.00805877
0.00867736
0.00929565
0.00991362
0.0105312
0.0111485
0.0117653
0.0123818
0.0129977
0.0136133
0.0142283
0.0148428
0.0154568
0.0160702
0.0166831
0.0172953
0.0179069
0.0185179
0.0191282
0.0197378
0.0203466
0.0209547
0.0215621
0.0221687
0.0227744
0.0233793
0.0239834
0.0245866
0.0251889
0.0257902
0.0263906
0.0269901
0.0275885
0.0281859
0.0287823
0.0293776
0.0299719
0.030565
0.031157
0.0317479
0.0323375
0.032926
0.0335133
0.0340993
0.0346841
0.0352676
0.0358497
0.0364306
0.0370101
0.0375882
0.0381649
0.0387402
0.0393141
0.0398865
0.0404574
0.0410269
0.0415948
0.0421611
0.0427259
0.0432891
0.0438507
0.0444107
0.044969
0.0455257
0.0460806
0.0466339
0.0471854
0.0477351
0.0482831
0.0488293
0.0493736
0.0499161
0.0504568
0.0509955
0.0515324
0.0520674
0.0526004
0.0531314
0.0536605
0.0541876
0.0547126
0.0552357
0.0557566
0.0562755
0.0567923
0.0573069
0.0578194
0.0583298
0.058838
0.0593439
0.0598477
0.0603493
0.0608485
0.0613456
0.0618403
0.0623327
0.0628228
0.0633105
0.0637959
0.0642789
0.0647594
0.0652376
0.0657133
0.0661866
0.0666574
0.0671257
0.0675915
0.0680548
0.0685155
0.0689737
0.0694293
0.0698823
0.0703327
0.0707804
0.0712255
0.071668
0.0721077
0.0725448
0.0729791
0.0734108
0.0738396
0.0742657
0.0746891
0.0751096
0.0755273
0.0759422
0.0763543
0.0767635
0.0771698
0.0775733
0.0779738
0.0783714
0.0787661
0.0791578
0.0795466
0.0799324
0.0803152
0.080695
0.0810718
0.0814455
0.0818162
0.0821838
0.0825484
0.0829098
0.0832682
0.0836234
0.0839755
0.0843245
0.0846703
0.0850129
0.0853523
0.0856886
0.0860216
0.0863514
0.086678
0.0870013
0.0873214
0.0876382
0.0879517
0.0882619
0.0885688
0.0888724
0.0891727
0.0894696
0.0897631
0.0900533
0.0903402
0.0906236
0.0909037
0.0911803
0.0914535
0.0917233
0.0919896
0.0922525
0.092512
0.092768
0.0930205
0.0932695
0.093515
0.093757
0.0939955
0.0942305
0.0944619
0.0946898
0.0949141
0.0951349
0.0953521
0.0955658
0.0957758
0.0959823
0.0961852
0.0963844
0.0965801
0.0967721
0.0969605
0.0971452
0.0973263
0.0975038
0.0976776
0.0978477
0.0980142
0.098177
0.0983361
0.0984915
0.0986433
0.0987913
0.0989356
0.0990762
0.0992131
0.0993463
0.0994757
0.0996014
0.0997234
0.0998416
0.0999561
0.100067
0.100174
0.100277
0.100377
0.100472
0.100564
0.100652
0.100737
0.100817
0.100894
0.100967
0.101036
0.101102
0.101163
0.101221
0.101275
0.101326
0.101372
0.101415
0.101454
0.101489
0.10152
0.101547
0.101571
0.101591
0.101607
0.101619
0.101627
0.101632
0.101632
0.101629
0.101622
0.101612
0.101597
0.101579
0.101557
0.101531
0.101501
0.101467
0.10143
0.101389
0.101344
0.101295
0.101242
0.101186
0.101125
0.101061
0.100994
0.100922
0.100847
0.100767
0.100684
0.100598
0.100507
0.100413
0.100315
0.100213
0.100107
0.099998
0.0998849
0.099768
0.0996474
0.0995231
0.099395
0.0992632
0.0991276
0.0989883
0.0988453
0.0986986
0.0985482
0.0983941
0.0982363
0.0980748
0.0979097
0.0977408
0.0975683
0.0973921
0.0972123
0.0970288
0.0968417
0.0966509
0.0964565
0.0962585
0.0960568
0.0958516
0.0956427
0.0954303
0.0952143
0.0949947
0.0947715
0.0945448
0.0943145
0.0940807
0.0938433
0.0936025
0.0933581
0.0931102
0.0928588
0.0926039
0.0923455
0.0920837
0.0918184
0.0915497
0.0912775
0.0910019
0.0907229
0.0904404
0.0901546
0.0898654
0.0895728
0.0892769
0.0889776
0.0886749
0.0883689
0.0880596
0.087747
0.0874311
0.0871119
0.0867895
0.0864638
0.0861348
0.0858026
0.0854672
0.0851285
0.0847867
0.0844417
0.0840935
0.0837421
0.0833876
0.08303
0.0826693
0.0823054
0.0819385
0.0815684
0.0811953
0.0808192
0.08044
0.0800578
0.0796726
0.0792844
0.0788933
0.0784991
0.078102
0.077702
0.0772991
0.0768932
0.0764845
0.0760729
0.0756584
0.0752411
0.074821
0.074398
0.0739723
0.0735438
0.0731125
0.0726785
0.0722417
0.0718022
0.0713601
0.0709152
0.0704677
0.0700175
0.0695647
0.0691093
0.0686513
0.0681907
0.0677276
0.0672619
0.0667937
0.0663229
0.0658497
0.065374
0.0648959
0.0644153
0.0639323
0.0634469
0.0629591
0.0624689
0.0619764
0.0614816
0.0609844
0.060485
0.0599833
0.0594793
0.0589731
0.0584647
0.0579541
0.0574413
0.0569264
0.0564093
0.0558901
0.0553688
0.0548454
0.0543199
0.0537924
0.0532629
0.0527314
0.0521979
0.0516625
0.0511251
0.0505858
0.0500446
0.0495015
0.0489565
0.0484097
0.0478611
0.0473107
0.0467585
0.0462045
0.0456489
0.0450915
0.0445324
0.0439716
0.0434092
0.0428451
0.0422795
0.0417122
0.0411434
0.040573
0.0400012
0.0394278
0.0388529
0.0382766
0.0376988
0.0371196
0.036539
0.0359571
0.0353738
0.0347891
0.0342032
0.033616
0.0330275
0.0324377
0.0318468
0.0312546
0.0306613
0.0300668
0.0294712
0.0288745
0.0282767
0.0276779
0.027078
0.026477
0.0258751
0.0252723
0.0246684
0.0240637
0.023458
0.0228514
0.022244
0.0216358
0.0210267
0.0204169
0.0198063
0.0191949
0.0185829
0.0179701
0.0173566
0.0167425
0.0161278
0.0155125
0.0148965
0.0142801
0.013663
0.0130455
0.0124275
0.011809
0.0111901
0.0105707
0.00995097
0.00933085
0.00871038
0.00808958
0.00746847
0.00684708
0.00622544
0.00560356
0.00498148
0.0043592
0.00373676
0.00311418
0.00249149
0.0018687
0.00124584
0.00062293
The program is finished
************************************************************************************************************************
***             WIDEN YOUR WINDOW TO 120 CHARACTERS.  Use 'enscript -r -fCourier9' to print this document            ***
************************************************************************************************************************

---------------------------------------------- PETSc Performance Summary: ----------------------------------------------

./final.out on a  named r01n15 with 1 processor, by mae-liq1 Wed Jun  8 17:06:39 2022
Using Petsc Release Version 3.16.6, Mar 30, 2022 

                         Max       Max/Min     Avg       Total
Time (sec):           2.978e+01     1.000   2.978e+01
Objects:              5.000e+01     1.000   5.000e+01
Flop:                 7.813e+09     1.000   7.813e+09  7.813e+09
Flop/sec:             2.624e+08     1.000   2.624e+08  2.624e+08
MPI Messages:         0.000e+00     0.000   0.000e+00  0.000e+00
MPI Message Lengths:  0.000e+00     0.000   0.000e+00  0.000e+00
MPI Reductions:       0.000e+00     0.000

Flop counting convention: 1 flop = 1 real number operation of type (multiply/divide/add/subtract)
                            e.g., VecAXPY() for real vectors of length N --> 2N flop
                            and VecAXPY() for complex vectors of length N --> 8N flop

Summary of Stages:   ----- Time ------  ----- Flop ------  --- Messages ---  -- Message Lengths --  -- Reductions --
                        Avg     %Total     Avg     %Total    Count   %Total     Avg         %Total    Count   %Total
 0:      Main Stage: 2.9780e+01 100.0%  7.8133e+09 100.0%  0.000e+00   0.0%  0.000e+00        0.0%  0.000e+00   0.0%

------------------------------------------------------------------------------------------------------------------------
See the 'Profiling' chapter of the users' manual for details on interpreting output.
Phase summary info:
   Count: number of times phase was executed
   Time and Flop: Max - maximum over all processors
                  Ratio - ratio of maximum to minimum over all processors
   Mess: number of messages sent
   AvgLen: average message length (bytes)
   Reduct: number of global reductions
   Global: entire computation
   Stage: stages of a computation. Set stages with PetscLogStagePush() and PetscLogStagePop().
      %T - percent time in this phase         %F - percent flop in this phase
      %M - percent messages in this phase     %L - percent message lengths in this phase
      %R - percent reductions in this phase
   Total Mflop/s: 10e-6 * (sum of flop over all processors)/(max time over all processors)
------------------------------------------------------------------------------------------------------------------------
Event                Count      Time (sec)     Flop                              --- Global ---  --- Stage ----  Total
                   Max Ratio  Max     Ratio   Max  Ratio  Mess   AvgLen  Reduct  %T %F %M %L %R  %T %F %M %L %R Mflop/s
------------------------------------------------------------------------------------------------------------------------

--- Event Stage 0: Main Stage

VecView            10002 1.0 2.5735e+01 1.0 0.00e+00 0.0 0.0e+00 0.0e+00 0.0e+00 86  0  0  0  0  86  0  0  0  0     0
VecMDot           578319 1.0 5.0136e-01 1.0 2.02e+09 1.0 0.0e+00 0.0e+00 0.0e+00  2 26  0  0  0   2 26  0  0  0  4034
VecNorm           778317 1.0 1.3830e-01 1.0 7.96e+08 1.0 0.0e+00 0.0e+00 0.0e+00  0 10  0  0  0   0 10  0  0  0  5757
VecScale          678318 1.0 1.1381e-01 1.0 3.47e+08 1.0 0.0e+00 0.0e+00 0.0e+00  0  4  0  0  0   0  4  0  0  0  3052
VecCopy           199998 1.0 5.1316e-02 1.0 0.00e+00 0.0 0.0e+00 0.0e+00 0.0e+00  0  0  0  0  0   0  0  0  0  0     0
VecSet            200037 1.0 4.9426e-02 1.0 0.00e+00 0.0 0.0e+00 0.0e+00 0.0e+00  0  0  0  0  0   0  0  0  0  0     0
VecAXPY           199998 1.0 5.0852e-02 1.0 2.05e+08 1.0 0.0e+00 0.0e+00 0.0e+00  0  3  0  0  0   0  3  0  0  0  4027
VecMAXPY          678318 1.0 5.1158e-01 1.0 2.62e+09 1.0 0.0e+00 0.0e+00 0.0e+00  2 33  0  0  0   2 33  0  0  0  5115
VecAssemblyBegin       3 1.0 0.0000e+00 0.0 0.00e+00 0.0 0.0e+00 0.0e+00 0.0e+00  0  0  0  0  0   0  0  0  0  0     0
VecAssemblyEnd         3 1.0 9.5367e-07 1.0 0.00e+00 0.0 0.0e+00 0.0e+00 0.0e+00  0  0  0  0  0   0  0  0  0  0     0
VecPointwiseMult  678318 1.0 2.5320e-01 1.0 3.47e+08 1.0 0.0e+00 0.0e+00 0.0e+00  1  4  0  0  0   1  4  0  0  0  1372
VecNormalize      678318 1.0 4.0106e-01 1.0 1.04e+09 1.0 0.0e+00 0.0e+00 0.0e+00  1 13  0  0  0   1 13  0  0  0  2596
MatMult           578319 1.0 1.3365e+00 1.0 1.48e+09 1.0 0.0e+00 0.0e+00 0.0e+00  4 19  0  0  0   4 19  0  0  0  1106
MatAssemblyBegin       1 1.0 0.0000e+00 0.0 0.00e+00 0.0 0.0e+00 0.0e+00 0.0e+00  0  0  0  0  0   0  0  0  0  0     0
MatAssemblyEnd         1 1.0 6.3181e-05 1.0 0.00e+00 0.0 0.0e+00 0.0e+00 0.0e+00  0  0  0  0  0   0  0  0  0  0     0
KSPSetUp               1 1.0 8.9884e-05 1.0 0.00e+00 0.0 0.0e+00 0.0e+00 0.0e+00  0  0  0  0  0   0  0  0  0  0     0
KSPSolve           99999 1.0 3.8995e+00 1.0 7.61e+09 1.0 0.0e+00 0.0e+00 0.0e+00 13 97  0  0  0  13 97  0  0  0  1951
KSPGMRESOrthog    578319 1.0 1.1190e+00 1.0 4.05e+09 1.0 0.0e+00 0.0e+00 0.0e+00  4 52  0  0  0   4 52  0  0  0  3617
PCSetUp                1 1.0 5.9605e-06 1.0 0.00e+00 0.0 0.0e+00 0.0e+00 0.0e+00  0  0  0  0  0   0  0  0  0  0     0
PCApply           678318 1.0 3.6287e-01 1.0 3.47e+08 1.0 0.0e+00 0.0e+00 0.0e+00  1  4  0  0  0   1  4  0  0  0   957
------------------------------------------------------------------------------------------------------------------------

Memory usage is given in bytes:

Object Type          Creations   Destructions     Memory  Descendants' Mem.
Reports information only for process 0.

--- Event Stage 0: Main Stage

              Vector    39             38       217360     0.
              Matrix     1              1        44236     0.
              Viewer     3              2         1648     0.
       Krylov Solver     1              1        18848     0.
      Preconditioner     1              1          872     0.
    Distributed Mesh     1              1         5048     0.
   Star Forest Graph     2              2         2112     0.
     Discrete System     1              1          896     0.
           Weak Form     1              1          616     0.
========================================================================================================================
Average time to get PetscTime(): 9.53674e-08
#PETSc Option Table entries:
-log_view
-n 512
-restart 0
#End of PETSc Option Table entries
Compiled without FORTRAN kernels
Compiled with full precision matrices (default)
sizeof(short) 2 sizeof(int) 4 sizeof(long) 8 sizeof(void*) 8 sizeof(PetscScalar) 8 sizeof(PetscInt) 4
Configure options: --prefix=/work/mae-liq1/lib/petsc-3.16.6 --with-blaslapack-dir=/share/intel/2018u4/compilers_and_libraries_2018.5.274/linux/mkl --with-debugging=no --download-hypre --download-metis --download-hdf5=/work/mae-liq1/software/hdf5-1.12.1.tar.gz --with-mpi-dir=/share/intel/2018u4/compilers_and_libraries_2018.5.274/linux/mpi/intel64 COPTFLAGS="-O3 -march=native -mtune=native" CXXPTFLAGS="-O3 -march=native -mtune=native" FOPTFLAGS="-O3 -march=native -mtune=native"
-----------------------------------------
Libraries compiled on 2022-05-03 14:18:39 on login03 
Machine characteristics: Linux-3.10.0-862.el7.x86_64-x86_64-with-redhat-7.5-Maipo
Using PETSc directory: /work/mae-liq1/lib/petsc-3.16.6
Using PETSc arch: 
-----------------------------------------

Using C compiler: /share/intel/2018u4/compilers_and_libraries_2018.5.274/linux/mpi/intel64/bin/mpicc  -fPIC -Wall -Wwrite-strings -Wno-strict-aliasing -Wno-unknown-pragmas -fstack-protector -fvisibility=hidden -O3 -march=native -mtune=native  -std=c99 
Using Fortran compiler: /share/intel/2018u4/compilers_and_libraries_2018.5.274/linux/mpi/intel64/bin/mpif90  -fPIC -Wall -ffree-line-length-0 -Wno-unused-dummy-argument -O3 -march=native -mtune=native     -std=c99
-----------------------------------------

Using include paths: -I/work/mae-liq1/lib/petsc-3.16.6/include -I/share/intel/2018u4/compilers_and_libraries_2018.5.274/linux/mkl/include -I/share/intel/2018u4/compilers_and_libraries_2018.5.274/linux/mpi/intel64/include
-----------------------------------------

Using C linker: /share/intel/2018u4/compilers_and_libraries_2018.5.274/linux/mpi/intel64/bin/mpicc
Using Fortran linker: /share/intel/2018u4/compilers_and_libraries_2018.5.274/linux/mpi/intel64/bin/mpif90
Using libraries: -Wl,-rpath,/work/mae-liq1/lib/petsc-3.16.6/lib -L/work/mae-liq1/lib/petsc-3.16.6/lib -lpetsc -Wl,-rpath,/work/mae-liq1/lib/petsc-3.16.6/lib -L/work/mae-liq1/lib/petsc-3.16.6/lib -Wl,-rpath,/share/intel/2018u4/compilers_and_libraries_2018.5.274/linux/mkl/lib/intel64 -L/share/intel/2018u4/compilers_and_libraries_2018.5.274/linux/mkl/lib/intel64 -Wl,-rpath,/share/intel/2018u4/compilers_and_libraries_2018.5.274/linux/mpi/intel64/lib/release_mt -L/share/intel/2018u4/compilers_and_libraries_2018.5.274/linux/mpi/intel64/lib/release_mt -Wl,-rpath,/share/intel/2018u4/compilers_and_libraries_2018.5.274/linux/mpi/intel64/lib -L/share/intel/2018u4/compilers_and_libraries_2018.5.274/linux/mpi/intel64/lib -Wl,-rpath,/usr/lib/gcc/x86_64-redhat-linux/4.8.5 -L/usr/lib/gcc/x86_64-redhat-linux/4.8.5 -Wl,-rpath,/opt/intel/mpi-rt/2017.0.0/intel64/lib/release_mt -Wl,-rpath,/opt/intel/mpi-rt/2017.0.0/intel64/lib -lHYPRE -lmkl_intel_lp64 -lmkl_core -lmkl_sequential -lpthread -lhdf5_hl -lhdf5 -lmetis -lm -lX11 -lstdc++ -ldl -lmpifort -lmpi -lmpigi -lrt -lpthread -lgfortran -lm -lgfortran -lm -lgcc_s -lquadmath -lstdc++ -ldl
-----------------------------------------

