n=64,dt=0.000020,dx=0.015625,steps=100000,alpha=-0.081920,beta=1.163840
Do not read u_old from uold.h5 ...
inital u is : 
Vec Object: 1 MPI processes
  type: seq
0.
0.0490677
0.0980171
0.14673
0.19509
0.24298
0.290285
0.33689
0.382683
0.427555
0.471397
0.514103
0.55557
0.595699
0.634393
0.671559
0.707107
0.740951
0.77301
0.803208
0.83147
0.857729
0.881921
0.903989
0.92388
0.941544
0.95694
0.970031
0.980785
0.989177
0.995185
0.998795
1.
0.998795
0.995185
0.989177
0.980785
0.970031
0.95694
0.941544
0.92388
0.903989
0.881921
0.857729
0.83147
0.803208
0.77301
0.740951
0.707107
0.671559
0.634393
0.595699
0.55557
0.514103
0.471397
0.427555
0.382683
0.33689
0.290285
0.24298
0.19509
0.14673
0.0980171
0.
exact solution is : 
Vec Object: 1 MPI processes
  type: seq
0.
0.00497159
0.00993121
0.0148669
0.0197668
0.024619
0.029412
0.0341341
0.0387739
0.0433204
0.0477625
0.0520895
0.056291
0.060357
0.0642775
0.0680431
0.0716449
0.075074
0.0783223
0.0813819
0.0842455
0.0869061
0.0893573
0.0915933
0.0936086
0.0953984
0.0969583
0.0982847
0.0993743
0.100225
0.100833
0.101199
0.101321
0.101199
0.100833
0.100225
0.0993743
0.0982847
0.0969583
0.0953984
0.0936086
0.0915933
0.0893573
0.0869061
0.0842455
0.0813819
0.0783223
0.075074
0.0716449
0.0680431
0.0642775
0.060357
0.056291
0.0520895
0.0477625
0.0433204
0.0387739
0.0341341
0.029412
0.024619
0.0197668
0.0148669
0.00993121
0.00497159
It's implicit scheme
step=100000
---------------------
numerical result u is : 
Vec Object: 1 MPI processes
  type: seq
0.00489609
0.00979217
0.0146762
0.0195363
0.0243606
0.0291373
0.0338547
0.0385012
0.0430655
0.0475363
0.0519028
0.0561541
0.06028
0.0642703
0.0681151
0.071805
0.075331
0.0786844
0.0818568
0.0848406
0.0876282
0.0902129
0.0925881
0.094748
0.0966873
0.0984009
0.0998848
0.101135
0.102148
0.102922
0.103455
0.103744
0.10379
0.103591
0.103149
0.102463
0.101536
0.10037
0.098967
0.0973303
0.0954636
0.0933714
0.0910585
0.0885303
0.0857927
0.0828521
0.0797154
0.0763899
0.0728836
0.0692046
0.0653617
0.0613638
0.0572206
0.0529417
0.0485373
0.0440178
0.0393939
0.0346766
0.029877
0.0250066
0.0200768
0.0150995
0.0100863
0.00504912
The program is finished
************************************************************************************************************************
***             WIDEN YOUR WINDOW TO 120 CHARACTERS.  Use 'enscript -r -fCourier9' to print this document            ***
************************************************************************************************************************

---------------------------------------------- PETSc Performance Summary: ----------------------------------------------

./final.out on a  named r01n15 with 1 processor, by mae-liq1 Wed Jun  8 17:05:13 2022
Using Petsc Release Version 3.16.6, Mar 30, 2022 

                         Max       Max/Min     Avg       Total
Time (sec):           2.917e+01     1.000   2.917e+01
Objects:              3.100e+01     1.000   3.100e+01
Flop:                 4.007e+08     1.000   4.007e+08  4.007e+08
Flop/sec:             1.374e+07     1.000   1.374e+07  1.374e+07
MPI Messages:         0.000e+00     0.000   0.000e+00  0.000e+00
MPI Message Lengths:  0.000e+00     0.000   0.000e+00  0.000e+00
MPI Reductions:       0.000e+00     0.000

Flop counting convention: 1 flop = 1 real number operation of type (multiply/divide/add/subtract)
                            e.g., VecAXPY() for real vectors of length N --> 2N flop
                            and VecAXPY() for complex vectors of length N --> 8N flop

Summary of Stages:   ----- Time ------  ----- Flop ------  --- Messages ---  -- Message Lengths --  -- Reductions --
                        Avg     %Total     Avg     %Total    Count   %Total     Avg         %Total    Count   %Total
 0:      Main Stage: 2.9171e+01 100.0%  4.0071e+08 100.0%  0.000e+00   0.0%  0.000e+00        0.0%  0.000e+00   0.0%

------------------------------------------------------------------------------------------------------------------------
See the 'Profiling' chapter of the users' manual for details on interpreting output.
Phase summary info:
   Count: number of times phase was executed
   Time and Flop: Max - maximum over all processors
                  Ratio - ratio of maximum to minimum over all processors
   Mess: number of messages sent
   AvgLen: average message length (bytes)
   Reduct: number of global reductions
   Global: entire computation
   Stage: stages of a computation. Set stages with PetscLogStagePush() and PetscLogStagePop().
      %T - percent time in this phase         %F - percent flop in this phase
      %M - percent messages in this phase     %L - percent message lengths in this phase
      %R - percent reductions in this phase
   Total Mflop/s: 10e-6 * (sum of flop over all processors)/(max time over all processors)
------------------------------------------------------------------------------------------------------------------------
Event                Count      Time (sec)     Flop                              --- Global ---  --- Stage ----  Total
                   Max Ratio  Max     Ratio   Max  Ratio  Mess   AvgLen  Reduct  %T %F %M %L %R  %T %F %M %L %R Mflop/s
------------------------------------------------------------------------------------------------------------------------

--- Event Stage 0: Main Stage

VecView            10002 1.0 2.8183e+01 1.0 0.00e+00 0.0 0.0e+00 0.0e+00 0.0e+00 97  0  0  0  0  97  0  0  0  0     0
VecMDot           282372 1.0 4.0049e-02 1.0 6.95e+07 1.0 0.0e+00 0.0e+00 0.0e+00  0 17  0  0  0   0 17  0  0  0  1735
VecNorm           482370 1.0 6.6442e-02 1.0 6.13e+07 1.0 0.0e+00 0.0e+00 0.0e+00  0 15  0  0  0   0 15  0  0  0   922
VecScale          382371 1.0 5.3671e-02 1.0 2.45e+07 1.0 0.0e+00 0.0e+00 0.0e+00  0  6  0  0  0   0  6  0  0  0   456
VecCopy           199998 1.0 2.3377e-02 1.0 0.00e+00 0.0 0.0e+00 0.0e+00 0.0e+00  0  0  0  0  0   0  0  0  0  0     0
VecSet            200018 1.0 2.0344e-02 1.0 0.00e+00 0.0 0.0e+00 0.0e+00 0.0e+00  0  0  0  0  0   0  0  0  0  0     0
VecAXPY           199998 1.0 3.4353e-02 1.0 2.56e+07 1.0 0.0e+00 0.0e+00 0.0e+00  0  6  0  0  0   0  6  0  0  0   745
VecMAXPY          382371 1.0 5.3717e-02 1.0 1.06e+08 1.0 0.0e+00 0.0e+00 0.0e+00  0 26  0  0  0   0 26  0  0  0  1977
VecAssemblyBegin       3 1.0 0.0000e+00 0.0 0.00e+00 0.0 0.0e+00 0.0e+00 0.0e+00  0  0  0  0  0   0  0  0  0  0     0
VecAssemblyEnd         3 1.0 0.0000e+00 0.0 0.00e+00 0.0 0.0e+00 0.0e+00 0.0e+00  0  0  0  0  0   0  0  0  0  0     0
VecPointwiseMult  382371 1.0 4.9200e-02 1.0 2.45e+07 1.0 0.0e+00 0.0e+00 0.0e+00  0  6  0  0  0   0  6  0  0  0   497
VecNormalize      382371 1.0 1.8899e-01 1.0 7.30e+07 1.0 0.0e+00 0.0e+00 0.0e+00  1 18  0  0  0   1 18  0  0  0   386
MatMult           282372 1.0 9.6308e-02 1.0 8.92e+07 1.0 0.0e+00 0.0e+00 0.0e+00  0 22  0  0  0   0 22  0  0  0   926
MatAssemblyBegin       1 1.0 0.0000e+00 0.0 0.00e+00 0.0 0.0e+00 0.0e+00 0.0e+00  0  0  0  0  0   0  0  0  0  0     0
MatAssemblyEnd         1 1.0 5.2929e-05 1.0 0.00e+00 0.0 0.0e+00 0.0e+00 0.0e+00  0  0  0  0  0   0  0  0  0  0     0
KSPSetUp               1 1.0 6.2943e-05 1.0 0.00e+00 0.0 0.0e+00 0.0e+00 0.0e+00  0  0  0  0  0   0  0  0  0  0     0
KSPSolve           99999 1.0 8.7965e-01 1.0 3.75e+08 1.0 0.0e+00 0.0e+00 0.0e+00  3 94  0  0  0   3 94  0  0  0   427
KSPGMRESOrthog    282372 1.0 1.5345e-01 1.0 1.40e+08 1.0 0.0e+00 0.0e+00 0.0e+00  1 35  0  0  0   1 35  0  0  0   909
PCSetUp                1 1.0 3.0994e-06 1.0 0.00e+00 0.0 0.0e+00 0.0e+00 0.0e+00  0  0  0  0  0   0  0  0  0  0     0
PCApply           382371 1.0 1.0549e-01 1.0 2.45e+07 1.0 0.0e+00 0.0e+00 0.0e+00  0  6  0  0  0   0  6  0  0  0   232
------------------------------------------------------------------------------------------------------------------------

Memory usage is given in bytes:

Object Type          Creations   Destructions     Memory  Descendants' Mem.
Reports information only for process 0.

--- Event Stage 0: Main Stage

              Vector    20             19        40584     0.
              Matrix     1              1         8396     0.
              Viewer     3              2         1648     0.
       Krylov Solver     1              1        18848     0.
      Preconditioner     1              1          872     0.
    Distributed Mesh     1              1         5048     0.
   Star Forest Graph     2              2         2112     0.
     Discrete System     1              1          896     0.
           Weak Form     1              1          616     0.
========================================================================================================================
Average time to get PetscTime(): 0.
#PETSc Option Table entries:
-log_view
-n 64
-restart 0
#End of PETSc Option Table entries
Compiled without FORTRAN kernels
Compiled with full precision matrices (default)
sizeof(short) 2 sizeof(int) 4 sizeof(long) 8 sizeof(void*) 8 sizeof(PetscScalar) 8 sizeof(PetscInt) 4
Configure options: --prefix=/work/mae-liq1/lib/petsc-3.16.6 --with-blaslapack-dir=/share/intel/2018u4/compilers_and_libraries_2018.5.274/linux/mkl --with-debugging=no --download-hypre --download-metis --download-hdf5=/work/mae-liq1/software/hdf5-1.12.1.tar.gz --with-mpi-dir=/share/intel/2018u4/compilers_and_libraries_2018.5.274/linux/mpi/intel64 COPTFLAGS="-O3 -march=native -mtune=native" CXXPTFLAGS="-O3 -march=native -mtune=native" FOPTFLAGS="-O3 -march=native -mtune=native"
-----------------------------------------
Libraries compiled on 2022-05-03 14:18:39 on login03 
Machine characteristics: Linux-3.10.0-862.el7.x86_64-x86_64-with-redhat-7.5-Maipo
Using PETSc directory: /work/mae-liq1/lib/petsc-3.16.6
Using PETSc arch: 
-----------------------------------------

Using C compiler: /share/intel/2018u4/compilers_and_libraries_2018.5.274/linux/mpi/intel64/bin/mpicc  -fPIC -Wall -Wwrite-strings -Wno-strict-aliasing -Wno-unknown-pragmas -fstack-protector -fvisibility=hidden -O3 -march=native -mtune=native  -std=c99 
Using Fortran compiler: /share/intel/2018u4/compilers_and_libraries_2018.5.274/linux/mpi/intel64/bin/mpif90  -fPIC -Wall -ffree-line-length-0 -Wno-unused-dummy-argument -O3 -march=native -mtune=native     -std=c99
-----------------------------------------

Using include paths: -I/work/mae-liq1/lib/petsc-3.16.6/include -I/share/intel/2018u4/compilers_and_libraries_2018.5.274/linux/mkl/include -I/share/intel/2018u4/compilers_and_libraries_2018.5.274/linux/mpi/intel64/include
-----------------------------------------

Using C linker: /share/intel/2018u4/compilers_and_libraries_2018.5.274/linux/mpi/intel64/bin/mpicc
Using Fortran linker: /share/intel/2018u4/compilers_and_libraries_2018.5.274/linux/mpi/intel64/bin/mpif90
Using libraries: -Wl,-rpath,/work/mae-liq1/lib/petsc-3.16.6/lib -L/work/mae-liq1/lib/petsc-3.16.6/lib -lpetsc -Wl,-rpath,/work/mae-liq1/lib/petsc-3.16.6/lib -L/work/mae-liq1/lib/petsc-3.16.6/lib -Wl,-rpath,/share/intel/2018u4/compilers_and_libraries_2018.5.274/linux/mkl/lib/intel64 -L/share/intel/2018u4/compilers_and_libraries_2018.5.274/linux/mkl/lib/intel64 -Wl,-rpath,/share/intel/2018u4/compilers_and_libraries_2018.5.274/linux/mpi/intel64/lib/release_mt -L/share/intel/2018u4/compilers_and_libraries_2018.5.274/linux/mpi/intel64/lib/release_mt -Wl,-rpath,/share/intel/2018u4/compilers_and_libraries_2018.5.274/linux/mpi/intel64/lib -L/share/intel/2018u4/compilers_and_libraries_2018.5.274/linux/mpi/intel64/lib -Wl,-rpath,/usr/lib/gcc/x86_64-redhat-linux/4.8.5 -L/usr/lib/gcc/x86_64-redhat-linux/4.8.5 -Wl,-rpath,/opt/intel/mpi-rt/2017.0.0/intel64/lib/release_mt -Wl,-rpath,/opt/intel/mpi-rt/2017.0.0/intel64/lib -lHYPRE -lmkl_intel_lp64 -lmkl_core -lmkl_sequential -lpthread -lhdf5_hl -lhdf5 -lmetis -lm -lX11 -lstdc++ -ldl -lmpifort -lmpi -lmpigi -lrt -lpthread -lgfortran -lm -lgfortran -lm -lgcc_s -lquadmath -lstdc++ -ldl
-----------------------------------------

