n=100,dt=0.000019,dx=0.010000,steps=100000,alpha=-0.195000,beta=1.390000
Do not read u_old from uold.h5 ...
inital u is : 
Vec Object: 1 MPI processes
  type: seq
0.
0.0314108
0.0627905
0.0941083
0.125333
0.156434
0.187381
0.218143
0.24869
0.278991
0.309017
0.338738
0.368125
0.397148
0.425779
0.45399
0.481754
0.509041
0.535827
0.562083
0.587785
0.612907
0.637424
0.661312
0.684547
0.707107
0.728969
0.750111
0.770513
0.790155
0.809017
0.827081
0.844328
0.860742
0.876307
0.891007
0.904827
0.917755
0.929776
0.940881
0.951057
0.960294
0.968583
0.975917
0.982287
0.987688
0.992115
0.995562
0.998027
0.999507
1.
0.999507
0.998027
0.995562
0.992115
0.987688
0.982287
0.975917
0.968583
0.960294
0.951057
0.940881
0.929776
0.917755
0.904827
0.891007
0.876307
0.860742
0.844328
0.827081
0.809017
0.790155
0.770513
0.750111
0.728969
0.707107
0.684547
0.661312
0.637424
0.612907
0.587785
0.562083
0.535827
0.509041
0.481754
0.45399
0.425779
0.397148
0.368125
0.338738
0.309017
0.278991
0.24869
0.218143
0.187381
0.156434
0.125333
0.0941083
0.0627905
0.
exact solution is : 
Vec Object: 1 MPI processes
  type: seq
0.
0.00318258
0.00636201
0.00953517
0.0126989
0.0158501
0.0189857
0.0221025
0.0251976
0.0282677
0.03131
0.0343213
0.0372988
0.0402395
0.0431405
0.0459989
0.0488119
0.0515767
0.0542906
0.056951
0.0595551
0.0621005
0.0645846
0.0670049
0.0693591
0.0716449
0.07386
0.0760021
0.0780693
0.0800594
0.0819706
0.0838008
0.0855483
0.0872114
0.0887884
0.0902778
0.0916781
0.092988
0.0942061
0.0953312
0.0963622
0.0972981
0.098138
0.098881
0.0995265
0.100074
0.100522
0.100872
0.101121
0.101271
0.101321
0.101271
0.101121
0.100872
0.100522
0.100074
0.0995265
0.098881
0.098138
0.0972981
0.0963622
0.0953312
0.0942061
0.092988
0.0916781
0.0902778
0.0887884
0.0872114
0.0855483
0.0838008
0.0819706
0.0800594
0.0780693
0.0760021
0.07386
0.0716449
0.0693591
0.0670049
0.0645846
0.0621005
0.0595551
0.056951
0.0542906
0.0515767
0.0488119
0.0459989
0.0431405
0.0402395
0.0372988
0.0343213
0.03131
0.0282677
0.0251976
0.0221025
0.0189857
0.0158501
0.0126989
0.00953517
0.00636201
0.00318258
It's implicit scheme
step=100000
---------------------
numerical result u is : 
Vec Object: 1 MPI processes
  type: seq
0.00315132
0.0063026
0.00945066
0.0125925
0.0157249
0.0188447
0.021949
0.0250345
0.0280982
0.031137
0.0341479
0.037128
0.0400742
0.0429836
0.0458532
0.0486803
0.051462
0.0541956
0.0568782
0.0595072
0.0620801
0.0645942
0.067047
0.069436
0.0717589
0.0740134
0.0761972
0.0783081
0.0803439
0.0823027
0.0841825
0.0859814
0.0876976
0.0893294
0.0908751
0.0923331
0.0937021
0.0949806
0.0961673
0.097261
0.0982606
0.0991652
0.0999737
0.100685
0.101299
0.101815
0.102232
0.10255
0.102768
0.102887
0.102905
0.102824
0.102642
0.102361
0.10198
0.1015
0.100922
0.100245
0.0994701
0.0985986
0.0976311
0.0965685
0.0954119
0.0941622
0.0928208
0.0913888
0.0898678
0.0882591
0.0865644
0.0847852
0.0829233
0.0809806
0.0789588
0.0768599
0.074686
0.0724393
0.0701218
0.0677358
0.0652838
0.0627679
0.0601908
0.0575549
0.0548628
0.0521172
0.0493206
0.0464758
0.0435856
0.0406529
0.0376804
0.0346712
0.031628
0.028554
0.025452
0.0223252
0.0191765
0.0160092
0.0128261
0.00963059
0.00642563
0.00321439
The program is finished
