n=100,dt=0.000015,dx=0.010000,steps=100000,alpha=-0.150000,beta=1.300000
Do not read u_old from uold.h5 ...
inital u is : 
Vec Object: 1 MPI processes
  type: seq
0.
0.0314108
0.0627905
0.0941083
0.125333
0.156434
0.187381
0.218143
0.24869
0.278991
0.309017
0.338738
0.368125
0.397148
0.425779
0.45399
0.481754
0.509041
0.535827
0.562083
0.587785
0.612907
0.637424
0.661312
0.684547
0.707107
0.728969
0.750111
0.770513
0.790155
0.809017
0.827081
0.844328
0.860742
0.876307
0.891007
0.904827
0.917755
0.929776
0.940881
0.951057
0.960294
0.968583
0.975917
0.982287
0.987688
0.992115
0.995562
0.998027
0.999507
1.
0.999507
0.998027
0.995562
0.992115
0.987688
0.982287
0.975917
0.968583
0.960294
0.951057
0.940881
0.929776
0.917755
0.904827
0.891007
0.876307
0.860742
0.844328
0.827081
0.809017
0.790155
0.770513
0.750111
0.728969
0.707107
0.684547
0.661312
0.637424
0.612907
0.587785
0.562083
0.535827
0.509041
0.481754
0.45399
0.425779
0.397148
0.368125
0.338738
0.309017
0.278991
0.24869
0.218143
0.187381
0.156434
0.125333
0.0941083
0.0627905
0.
exact solution is : 
Vec Object: 1 MPI processes
  type: seq
0.
0.00318258
0.00636201
0.00953517
0.0126989
0.0158501
0.0189857
0.0221025
0.0251976
0.0282677
0.03131
0.0343213
0.0372988
0.0402395
0.0431405
0.0459989
0.0488119
0.0515767
0.0542906
0.056951
0.0595551
0.0621005
0.0645846
0.0670049
0.0693591
0.0716449
0.07386
0.0760021
0.0780693
0.0800594
0.0819706
0.0838008
0.0855483
0.0872114
0.0887884
0.0902778
0.0916781
0.092988
0.0942061
0.0953312
0.0963622
0.0972981
0.098138
0.098881
0.0995265
0.100074
0.100522
0.100872
0.101121
0.101271
0.101321
0.101271
0.101121
0.100872
0.100522
0.100074
0.0995265
0.098881
0.098138
0.0972981
0.0963622
0.0953312
0.0942061
0.092988
0.0916781
0.0902778
0.0887884
0.0872114
0.0855483
0.0838008
0.0819706
0.0800594
0.0780693
0.0760021
0.07386
0.0716449
0.0693591
0.0670049
0.0645846
0.0621005
0.0595551
0.056951
0.0542906
0.0515767
0.0488119
0.0459989
0.0431405
0.0402395
0.0372988
0.0343213
0.03131
0.0282677
0.0251976
0.0221025
0.0189857
0.0158501
0.0126989
0.00953517
0.00636201
0.00318258
It's implicit scheme
step=100000
---------------------
numerical result u is : 
Vec Object: 1 MPI processes
  type: seq
0.00315127
0.00630211
0.00944985
0.0125913
0.0157235
0.0188431
0.0219471
0.0250324
0.0280959
0.0311346
0.0341454
0.0371254
0.0400715
0.0429808
0.0458504
0.0486775
0.0514591
0.0541927
0.0568753
0.0595044
0.0620773
0.0645914
0.0670443
0.0694334
0.0717564
0.074011
0.0761949
0.0783058
0.0803418
0.0823008
0.0841807
0.0859797
0.0876961
0.089328
0.0908738
0.092332
0.0937011
0.0949797
0.0961666
0.0972605
0.0982603
0.099165
0.0999736
0.100685
0.1013
0.101816
0.102233
0.102551
0.102769
0.102888
0.102906
0.102825
0.102644
0.102363
0.101982
0.101502
0.100923
0.100246
0.099472
0.0986006
0.0976332
0.0965707
0.095414
0.0941644
0.092823
0.0913911
0.0898701
0.0882615
0.0865668
0.0847876
0.0829257
0.0809829
0.0789611
0.0768622
0.0746883
0.0724415
0.070124
0.067738
0.0652859
0.06277
0.0601929
0.0575569
0.0548647
0.052119
0.0493223
0.0464775
0.0435872
0.0406544
0.0376818
0.0346724
0.0316292
0.028555
0.025453
0.022326
0.0191773
0.0160098
0.0128266
0.00963096
0.00642587
0.00321451
The program is finished
