n=100,dt=0.000200,dx=0.010000,steps=100000,alpha=-2.000000,beta=5.000000
Do not read u_old from uold.h5 ...
inital u is : 
Vec Object: 1 MPI processes
  type: seq
0.
0.0314108
0.0627905
0.0941083
0.125333
0.156434
0.187381
0.218143
0.24869
0.278991
0.309017
0.338738
0.368125
0.397148
0.425779
0.45399
0.481754
0.509041
0.535827
0.562083
0.587785
0.612907
0.637424
0.661312
0.684547
0.707107
0.728969
0.750111
0.770513
0.790155
0.809017
0.827081
0.844328
0.860742
0.876307
0.891007
0.904827
0.917755
0.929776
0.940881
0.951057
0.960294
0.968583
0.975917
0.982287
0.987688
0.992115
0.995562
0.998027
0.999507
1.
0.999507
0.998027
0.995562
0.992115
0.987688
0.982287
0.975917
0.968583
0.960294
0.951057
0.940881
0.929776
0.917755
0.904827
0.891007
0.876307
0.860742
0.844328
0.827081
0.809017
0.790155
0.770513
0.750111
0.728969
0.707107
0.684547
0.661312
0.637424
0.612907
0.587785
0.562083
0.535827
0.509041
0.481754
0.45399
0.425779
0.397148
0.368125
0.338738
0.309017
0.278991
0.24869
0.218143
0.187381
0.156434
0.125333
0.0941083
0.0627905
0.
exact solution is : 
Vec Object: 1 MPI processes
  type: seq
0.
0.00318258
0.00636201
0.00953517
0.0126989
0.0158501
0.0189857
0.0221025
0.0251976
0.0282677
0.03131
0.0343213
0.0372988
0.0402395
0.0431405
0.0459989
0.0488119
0.0515767
0.0542906
0.056951
0.0595551
0.0621005
0.0645846
0.0670049
0.0693591
0.0716449
0.07386
0.0760021
0.0780693
0.0800594
0.0819706
0.0838008
0.0855483
0.0872114
0.0887884
0.0902778
0.0916781
0.092988
0.0942061
0.0953312
0.0963622
0.0972981
0.098138
0.098881
0.0995265
0.100074
0.100522
0.100872
0.101121
0.101271
0.101321
0.101271
0.101121
0.100872
0.100522
0.100074
0.0995265
0.098881
0.098138
0.0972981
0.0963622
0.0953312
0.0942061
0.092988
0.0916781
0.0902778
0.0887884
0.0872114
0.0855483
0.0838008
0.0819706
0.0800594
0.0780693
0.0760021
0.07386
0.0716449
0.0693591
0.0670049
0.0645846
0.0621005
0.0595551
0.056951
0.0542906
0.0515767
0.0488119
0.0459989
0.0431405
0.0402395
0.0372988
0.0343213
0.03131
0.0282677
0.0251976
0.0221025
0.0189857
0.0158501
0.0126989
0.00953517
0.00636201
0.00318258
It's implicit scheme
step=100000
---------------------
numerical result u is : 
Vec Object: 1 MPI processes
  type: seq
0.00315132
0.00630265
0.00945083
0.0125927
0.0157252
0.0188452
0.0219495
0.025035
0.0280987
0.0311376
0.0341485
0.0371286
0.0400748
0.0429842
0.0458538
0.0486809
0.0514626
0.0541961
0.0568788
0.0595078
0.0620807
0.0645947
0.0670475
0.0694365
0.0717594
0.0740139
0.0761976
0.0783085
0.0803443
0.0823031
0.0841829
0.0859818
0.0876979
0.0893297
0.0908753
0.0923334
0.0937023
0.0949808
0.0961674
0.0972611
0.0982607
0.0991653
0.0999737
0.100685
0.101299
0.101815
0.102232
0.10255
0.102768
0.102887
0.102905
0.102824
0.102642
0.102361
0.10198
0.1015
0.100921
0.100244
0.0994698
0.0985983
0.0976308
0.0965682
0.0954115
0.0941619
0.0928204
0.0913885
0.0898675
0.0882588
0.086564
0.0847849
0.082923
0.0809802
0.0789584
0.0768595
0.0746857
0.0724389
0.0701214
0.0677355
0.0652834
0.0627676
0.0601905
0.0575546
0.0548625
0.0521169
0.0493203
0.0464755
0.0435854
0.0406527
0.0376802
0.034671
0.0316278
0.0285538
0.0254519
0.022325
0.0191764
0.0160091
0.0128261
0.00963054
0.00642559
0.00321437
The program is finished
