n=100,dt=0.000020,dx=0.010000,steps=100000,alpha=-0.200000,beta=1.400000
Do not read u_old from uold.h5 ...
Vec Object: 2 MPI processes
  type: mpi
Process [0]
1.
1.01005
1.0202
1.03045
1.04081
1.05127
1.06184
1.07251
1.08329
1.09417
1.10517
1.11628
1.1275
1.13883
1.15027
1.16183
1.17351
1.1853
1.19722
1.20925
1.2214
1.23368
1.24608
1.2586
1.27125
1.28403
1.29693
1.30996
1.32313
1.33643
1.34986
1.36343
1.37713
1.39097
1.40495
1.41907
1.43333
1.44773
1.46228
1.47698
1.49182
1.50682
1.52196
1.53726
1.55271
1.56831
1.58407
1.59999
1.61607
1.63232
Process [1]
1.64872
1.66529
1.68203
1.69893
1.71601
1.73325
1.75067
1.76827
1.78604
1.80399
1.82212
1.84043
1.85893
1.87761
1.89648
1.91554
1.93479
1.95424
1.97388
1.99372
2.01375
2.03399
2.05443
2.07508
2.09594
2.117
2.13828
2.15977
2.18147
2.2034
2.22554
2.24791
2.2705
2.29332
2.31637
2.33965
2.36316
2.38691
2.4109
2.43513
2.4596
2.48432
2.50929
2.53451
2.55998
2.58571
2.6117
2.63794
2.66446
2.71828
It's implicit scheme
