make all --print-data-base --no-builtin-variables --no-builtin-rules --question
# GNU Make 3.82
# Built for x86_64-redhat-linux-gnu
# Copyright (C) 2010  Free Software Foundation, Inc.
# License GPLv3+: GNU GPL version 3 or later <http://gnu.org/licenses/gpl.html>
# This is free software: you are free to change and redistribute it.
# There is NO WARRANTY, to the extent permitted by law.
 
make: *** No rule to make target `all'.  Stop.


# Make data base, printed on Wed Jun  8 14:29:07 2022

# Variables

# automatic
<D = $(patsubst %/,%,$(dir $<))
# automatic
?F = $(notdir $?)
# default
.SHELLFLAGS := -c
# environment
QTDIR = /usr/lib64/qt-3.3
# environment
IOZONEROOT = /share/base/iozone/3.482
# environment
VSCODE_AGENT_FOLDER = /work/mae-liq1/.vscode-server
# makefile (from `Makefile', line 60)
SRC := src/heat_1d.c
# environment
VSCODE_LOG_NATIVE = false
# environment
MODULEPATH = /share/base/modulefiles/cae:/share/base/modulefiles/phy:/share/base/modulefiles/defaults:/share/base/modulefiles/compilers:/share/base/modulefiles/parallel:/share/base/modulefiles/bio:/share/base/modulefiles/chem:/share/base/modulefiles/cae:/share/base/modulefiles/graphics:/share/base/modulefiles/io_tools:/share/base/modulefiles/libraries:/share/base/modulefiles/tools:/usr/share/Modules/modulefiles
# automatic
?D = $(patsubst %/,%,$(dir $?))
# makefile (from `Makefile', line 29)
CPPFLAGS := -I/work/mae-liq1/lib/petsc-3.16.6/include  
# automatic
@D = $(patsubst %/,%,$(dir $@))
# automatic
@F = $(notdir $@)
# default
MAKE_VERSION := 3.82
# makefile
CURDIR := /work/mae-liq1/hpc/HPC-Final-Project
# makefile
SHELL = /bin/sh
# environment
VSCODE_NLS_CONFIG = {"locale":"zh-cn","availableLanguages":{}}
# environment
_ = /usr/bin/make
# makefile (from `Makefile', line 26)
CFLAGS := -fPIC -Wall -Wwrite-strings -Wno-strict-aliasing -Wno-unknown-pragmas -fstack-protector -fvisibility=hidden -O3 -march=native -mtune=native  -std=c99 -std=c99  
# environment
LSF_SERVERDIR = /opt/ibm/lsf/10.1/linux3.10-glibc2.17-x86_64/etc
# makefile (from `Makefile', line 33)
CUDAC := /usr/local/cuda/bin/nvcc
# environment
PDSHROOT = /share/base/pdsh/2.33
# makefile (from `Makefile', line 1)
MAKEFILE_LIST :=  Makefile
# environment
HISTCONTROL = ignoredups
# makefile (from `Makefile', line 27)
CXXFLAGS := -Wall -Wwrite-strings -Wno-strict-aliasing -Wno-unknown-pragmas -fstack-protector -fvisibility=hidden -g -O  -fPIC -std=gnu++11 -std=c99  
# environment
XDG_DATA_DIRS = /work/mae-liq1/.local/share/flatpak/exports/share/:/var/lib/flatpak/exports/share/:/usr/local/share/:/usr/share/
# environment
VSCODE_VERBOSE_LOGGING = true
# makefile (from `Makefile', line 40)
CFLAGS_FINAL := -DEXPLICIT
# environment
GZIP_BIN = pigz
# environment
QT_PLUGIN_PATH = /usr/lib64/kde4/plugins:/usr/lib/kde4/plugins
# environment
LESSOPEN = ||/usr/bin/lesspipe.sh %s
# environment
VSCODE_CWD = /work/mae-liq1
# environment
SSH_CONNECTION = 172.18.6.174 55795 10.11.2.3 22
# environment
PATH = /work/mae-liq1/.vscode-server/bin/c3511e6c69bb39013c4a4b7b9566ec1ca73fc4d5/bin/remote-cli:/opt/lenovo/onecli:/opt/ibm/lsf/10.1/linux3.10-glibc2.17-x86_64/etc:/opt/ibm/lsf/10.1/linux3.10-glibc2.17-x86_64/bin:/usr/lpp/mmfs/bin:/share/base/bin:/share/base/jube/2.2.1/bin:/share/base/ior/3.1.0/bin:/share/base/collectl/4.3.0/:/share/base/iozone/3.482/bin:/share/base/pdsh/2.33/bin:/usr/lib64/qt-3.3/bin:/opt/lenovo/onecli:/usr/lpp/mmfs/bin:/share/base/bin:/usr/bin:/bin:/usr/sbin:/sbin:/usr/local/sbin:/work/mae-liq1/.local/bin:/work/mae-liq1/bin
# environment
QT_GRAPHICSSYSTEM_CHECKED = 1
# environment
XDG_RUNTIME_DIR = /run/user/2435
# makefile (from `Makefile', line 28)
FFLAGS := -fPIC -Wall -ffree-line-length-0 -Wno-unused-dummy-argument -O3 -march=native -mtune=native
# environment
JUBEROOT = /share/base/jube/2.2.1
# environment
LSF_ENVDIR = /opt/ibm/lsf/conf
# environment
VSCODE_LOG_STACK = false
# makefile (from `Makefile', line 31)
LDFLAGS := -L/work/mae-liq1/lib/petsc-3.16.6/lib    -Wl,-rpath,/work/mae-liq1/lib/petsc-3.16.6/lib
# makefile (from `Makefile', line 32)
LDLIBS := -lpetsc   -lm
# default
.FEATURES := target-specific order-only second-expansion else-if shortest-stem undefine oneshell archives jobserver check-symlink
# automatic
%F = $(notdir $%)
# environment
KDEDIRS = /usr
# environment
VSCODE_PIPE_LOGGING = true
# environment
PWD = /work/mae-liq1/hpc/HPC-Final-Project
# environment
VSCODE_IPC_HOOK_CLI = /run/user/2435/vscode-ipc-218d5a9d-d499-4721-95e8-664fe521aba6.sock
# automatic
*D = $(patsubst %/,%,$(dir $*))
# environment
LSF_LIBDIR = /opt/ibm/lsf/10.1/linux3.10-glibc2.17-x86_64/lib
# environment
MANPATH = /share/base/jube/2.2.1/share/man:/share/base/collectl/4.3.0/man1:/share/base/pdsh/2.33/share/man:/opt/ibm/lsf/10.1/man:
# environment
VSCODE_AMD_ENTRYPOINT = vs/workbench/api/node/extensionHostProcess
# environment
HOME = /work/mae-liq1
# environment
LD_LIBRARY_PATH = /share/base/jube/2.2.1/lib:/share/base/ior/3.1.0/lib:/share/base/pdsh/2.33/lib:/opt/ibm/lsf/10.1/linux3.10-glibc2.17-x86_64/lib
# environment
MODULESHOME = /usr/share/Modules
# environment
LOGNAME = mae-liq1
# environment
APPLICATION_INSIGHTS_NO_DIAGNOSTIC_CHANNEL = true
# automatic
+F = $(notdir $+)
# environment
BZIP_BIN = pbzip2
# environment
VSCODE_HANDLES_UNCAUGHT_ERRORS = true
# automatic
^D = $(patsubst %/,%,$(dir $^))
# environment
HOSTNAME = login03
# environment
MAKELEVEL := 0
# makefile (from `Makefile', line 36)
CUDA_INCLUDE := 
# default
MAKE = $(MAKE_COMMAND)
# default
MAKECMDGOALS := all
# environment
COLLECTLROOT = /share/base/collectl/4.3.0
# makefile (from `Makefile', line 22)
CC := /share/intel/2018u4/compilers_and_libraries_2018.5.274/linux/mpi/intel64/bin/mpicc
# environment
OMP_NUM_THREADS = 1
# makefile (from `Makefile', line 59)
EXEC := final.out
# environment
XDG_SESSION_ID = 607534
# environment
USER = mae-liq1
# makefile (from `Makefile', line 24)
FC := /share/intel/2018u4/compilers_and_libraries_2018.5.274/linux/mpi/intel64/bin/mpif90
# environment
QTLIB = /usr/lib64/qt-3.3/lib
# environment
INCLUDE = /share/base/jube/2.2.1/include:/share/base/pdsh/2.33/include
# automatic
%D = $(patsubst %/,%,$(dir $%))
# environment
define BASH_FUNC_module()
() {  eval `/usr/bin/modulecmd bash $*`
}
endef
# makefile (from `Makefile', line 61)
OBJ := src/heat_1d.o
# default
MAKE_COMMAND := make
# default
.VARIABLES := 
# environment
CVS_RSH = ssh
# automatic
*F = $(notdir $*)
# environment
PYTHONPATH = /share/base/jube/2.2.1/lib/python2.7/site-packages
# makefile
MAKEFLAGS = Rrqp
# environment
MFLAGS = -Rrqp
# environment
SSH_CLIENT = 172.18.6.174 55795 22
# environment
MAIL = /var/spool/mail/mae-liq1
# environment
LOADEDMODULES = pdsh/2.33:iozone/3.482:collectl/4.3.0:ior/3.1.0:jube/2.2.1
# makefile (from `Makefile', line 2)
PETSC_DIR := /work/mae-liq1/lib/petsc-3.16.6
# environment
LSF_BINDIR = /opt/ibm/lsf/10.1/linux3.10-glibc2.17-x86_64/bin
# automatic
+D = $(patsubst %/,%,$(dir $+))
# environment
BROWSER = /work/mae-liq1/.vscode-server/bin/c3511e6c69bb39013c4a4b7b9566ec1ca73fc4d5/bin/helpers/browser.sh
# makefile (from `Makefile', line 20)
PACKAGES := /work/mae-liq1/lib/petsc-3.16.6/./lib/pkgconfig/petsc.pc
# environment
VSCODE_HANDLES_SIGPIPE = true
# makefile (from `Makefile', line 3)
PETSC_ARCH := .
# default
MAKEFILES := 
# environment
PROMPT_COMMAND = echo "`date +%Y-%m-%d" "%H:%M:%S`","`who am i`","`whoami`","`hostname`","`history 1`","`pwd`" >> /var/log/audit_check.log
# automatic
<F = $(notdir $<)
# environment
_LMFILES_ = /share/base/modulefiles/tools/pdsh/2.33:/share/base/modulefiles/tools/iozone/3.482:/share/base/modulefiles/tools/collectl/4.3.0:/share/base/modulefiles/tools/ior/3.1.0:/share/base/modulefiles/tools/jube/2.2.1
# makefile (from `Makefile', line 23)
CXX := /share/intel/2018u4/compilers_and_libraries_2018.5.274/linux/mpi/intel64/bin/mpicxx
# makefile (from `Makefile', line 25)
CFLAGS_OTHER := -std=c99  
# environment
LC_ALL = C
# automatic
^F = $(notdir $^)
# makefile (from `Makefile', line 17)
petsc.pc := /work/mae-liq1/lib/petsc-3.16.6/./lib/pkgconfig/petsc.pc
# default
SUFFIXES := 
# environment
HISTSIZE = 1000
# makefile (from `Makefile', line 35)
CUDA_LIB := 
# makefile (from `Makefile', line 34)
CUDAC_FLAGS := -Xcompiler -fPIC -O3 -ccbin /share/intel/2018u4/compilers_and_libraries_2018.5.274/linux/mpi/intel64/bin/mpicxx -std=c++11 -Wno-deprecated-gpu-targets
# default
.INCLUDE_DIRS = /usr/include /usr/local/include /usr/include
# environment
QTINC = /usr/lib64/qt-3.3/include
# default
.RECIPEPREFIX := 
# environment
IORROOT = /share/base/ior/3.1.0
# environment
SHLVL = 5
# makefile
.DEFAULT_GOAL := print
# environment
LANG = C
# environment
VSCODE_EXTHOST_WILL_SEND_SOCKET = true
# environment
BINARY_TYPE_HPC = 
# variable set hash-table stats:
# Load=117/1024=11%, Rehash=0, Collisions=17/214=8%

# Pattern-specific Variable Values

# No pattern-specific variable values.

# Directories

# . (device 42, inode 178643804): 18 files, no impossibilities.
# src (device 42, inode 177878107): 3 files, no impossibilities.

# 21 files, no impossibilities in 2 directories.

# Implicit Rules

%.o: %.c
#  recipe to execute (from `Makefile', line 68):
	$(COMPILE.c) $(CFLAGS_FINAL) $(OUTPUT_OPTION) $<

# 1 implicit rules, 0 (0.0%) terminal.

# Files

# Not a target:
all:
#  Command line target.
#  Implicit rule search has been done.
#  File does not exist.
#  File has not been updated.

# Not a target:
src/heat_1d.o:
#  Implicit rule search has not been done.
#  Modification time never checked.
#  File has not been updated.

.PHONY: clean
#  Implicit rule search has not been done.
#  Modification time never checked.
#  File has not been updated.

 
# Not a target:
.SUFFIXES:
#  Implicit rule search has not been done.
#  Modification time never checked.
#  File has not been updated.

print:
#  Implicit rule search has not been done.
#  Modification time never checked.
#  File has not been updated.
#  recipe to execute (from `Makefile', line 44):
	@echo CC=$(CC)
	@echo CXX=$(CXX)
	@echo FC=$(FC)
	@echo CFLAGS=$(CFLAGS)
	@echo CXXFLAGS=$(CXXFLAGS)
	@echo FFLAGS=$(FFLAGS)
	@echo CPPFLAGS=$(CPPFLAGS)
	@echo LDFLAGS=$(LDFLAGS)
	@echo LDLIBS=$(LDLIBS)
	@echo CUDAC=$(CUDAC)
	@echo CUDAC_FLAGS=$(CUDAC_FLAGS)
	@echo CUDA_LIB=$(CUDA_LIB)
	@echo CUDA_INCLUDE=$(CUDA_INCLUDE)

# Not a target:
Makefile:
#  Implicit rule search has been done.
#  Last modified 2022-06-05 14:25:41.766203
#  File has been updated.
#  Successfully updated.

# Not a target:
.DEFAULT:
#  Implicit rule search has not been done.
#  Modification time never checked.
#  File has not been updated.

final.out: src/heat_1d.o
#  Implicit rule search has not been done.
#  Modification time never checked.
#  File has not been updated.
#  recipe to execute (from `Makefile', line 65):
	$(LINK.cc) $(LDLIBS) -o $@ $^
	$(RM) $(OBJ)

clean:
#  Phony target (prerequisite of .PHONY).
#  Implicit rule search has not been done.
#  File does not exist.
#  File has not been updated.
#  recipe to execute (from `Makefile', line 72):
	$(RM) $(EXEC) $(OBJ)

# files hash-table stats:
# Load=9/1024=1%, Rehash=0, Collisions=0/22=0%
# VPATH Search Paths

# No `vpath' search paths.

# No general (`VPATH' variable) search path.

# # of strings in strcache: 0 / lookups = 43 / hits = 43
# # of strcache buffers: 1 (* 8176 B/buffer = 8176 B)
# strcache used: total = 0 (249) / max = 0 / min = 8176 / avg = 0
# strcache free: total = 0 (7927) / max = 0 / min = 8176 / avg = 0

# strcache hash-table stats:
# Load=31/8192=0%, Rehash=0, Collisions=2/43=5%
# Finished Make data base on Wed Jun  8 14:29:07 2022

 
